./train_v1.py --exp_suffix fcupconv-emd-vae-1e-4 --data_dir ../../data/PartNetShapeData-Chair/train --val_data_dir ../../data/PartNetShapeData-Chair/val --num_point 2048 --decoder_type fcupconv --loss_type emd --probabilistic --kldiv_loss_weight 1e-4 --model_version model_v3 --overwrite

Random Seed: 3124256514
Using device: cuda:0

[PartNetPartDataset 4489] data_dir: ../../data/PartNetShapeData-Chair/train, num_point: 2048
[PartNetPartDataset 617] data_dir: ../../data/PartNetShapeData-Chair/val, num_point: 2048
Using FCUpconvDecoder-NoBN!

Network(
  (encoder): PointNet2(
    (SA_modules): ModuleList(
      (0): PointnetSAModule(
        (groupers): ModuleList(
          (0): QueryAndGroup()
        )
        (mlps): ModuleList(
          (0): Sequential(
            (0): Conv2d(6, 64, kernel_size=(1, 1), stride=(1, 1), bias=False)
            (1): BatchNorm2d(64, eps=1e-05, momentum=0.1, affine=True, track_running_stats=True)
            (2): ReLU(inplace=True)
            (3): Conv2d(64, 64, kernel_size=(1, 1), stride=(1, 1), bias=False)
            (4): BatchNorm2d(64, eps=1e-05, momentum=0.1, affine=True, track_running_stats=True)
            (5): ReLU(inplace=True)
            (6): Conv2d(64, 128, kernel_size=(1, 1), stride=(1, 1), bias=False)
            (7): BatchNorm2d(128, eps=1e-05, momentum=0.1, affine=True, track_running_stats=True)
            (8): ReLU(inplace=True)
          )
        )
      )
      (1): PointnetSAModule(
        (groupers): ModuleList(
          (0): QueryAndGroup()
        )
        (mlps): ModuleList(
          (0): Sequential(
            (0): Conv2d(131, 128, kernel_size=(1, 1), stride=(1, 1), bias=False)
            (1): BatchNorm2d(128, eps=1e-05, momentum=0.1, affine=True, track_running_stats=True)
            (2): ReLU(inplace=True)
            (3): Conv2d(128, 128, kernel_size=(1, 1), stride=(1, 1), bias=False)
            (4): BatchNorm2d(128, eps=1e-05, momentum=0.1, affine=True, track_running_stats=True)
            (5): ReLU(inplace=True)
            (6): Conv2d(128, 256, kernel_size=(1, 1), stride=(1, 1), bias=False)
            (7): BatchNorm2d(256, eps=1e-05, momentum=0.1, affine=True, track_running_stats=True)
            (8): ReLU(inplace=True)
          )
        )
      )
      (2): PointnetSAModule(
        (groupers): ModuleList(
          (0): GroupAll()
        )
        (mlps): ModuleList(
          (0): Sequential(
            (0): Conv2d(259, 256, kernel_size=(1, 1), stride=(1, 1), bias=False)
            (1): BatchNorm2d(256, eps=1e-05, momentum=0.1, affine=True, track_running_stats=True)
            (2): ReLU(inplace=True)
            (3): Conv2d(256, 256, kernel_size=(1, 1), stride=(1, 1), bias=False)
            (4): BatchNorm2d(256, eps=1e-05, momentum=0.1, affine=True, track_running_stats=True)
            (5): ReLU(inplace=True)
            (6): Conv2d(256, 256, kernel_size=(1, 1), stride=(1, 1), bias=False)
            (7): BatchNorm2d(256, eps=1e-05, momentum=0.1, affine=True, track_running_stats=True)
            (8): ReLU(inplace=True)
          )
        )
      )
    )
    (fc_layer2): Sequential(
      (0): Linear(in_features=256, out_features=128, bias=True)
      (1): BatchNorm1d(128, eps=1e-05, momentum=0.1, affine=True, track_running_stats=True)
      (2): ReLU(inplace=True)
    )
  )
  (sample_encoder): Sampler(
    (mlp2mu): Linear(in_features=128, out_features=128, bias=True)
    (mlp2var): Linear(in_features=128, out_features=128, bias=True)
  )
  (sample_decoder): SampleDecoder(
    (mlp1): Linear(in_features=128, out_features=128, bias=True)
  )
  (decoder): FCUpconvDecoder(
    (mlp1): Linear(in_features=128, out_features=1024, bias=True)
    (mlp2): Linear(in_features=1024, out_features=1024, bias=True)
    (mlp3): Linear(in_features=1024, out_features=3072, bias=True)
    (deconv1): ConvTranspose2d(128, 1024, kernel_size=(2, 2), stride=(1, 1))
    (deconv2): ConvTranspose2d(1024, 512, kernel_size=(3, 3), stride=(1, 1))
    (deconv3): ConvTranspose2d(512, 256, kernel_size=(4, 4), stride=(2, 2))
    (deconv4): ConvTranspose2d(256, 128, kernel_size=(5, 5), stride=(3, 3))
    (deconv5): ConvTranspose2d(128, 3, kernel_size=(1, 1), stride=(1, 1))
  )
)

training run exp-model_v3-fcupconv-emd-vae-1e-4
     Time    Epoch     Dataset    Iteration    Progress(%)       LR    ReconLoss    KLDivLoss   TotalLoss
 00:00:02     0/1000    train        0/140         0.0%      1.00E-03   37.23615  31.31108  37.23928
Saving checkpoint ...... 
DONE
 00:00:05     0/1000     val         0/19          0.0%      1.00E-03   22.37554   1.02465  22.37564
Visualizing ...
Generating html visualization ...
DONE
 00:00:18     0/1000    train       10/140         0.0%      1.00E-03   31.24728  31.87177  31.25047
 00:00:20     0/1000     val         2/19          0.0%      1.00E-03   21.03506 105.61684  21.04562
 00:00:21     0/1000    train       20/140         0.0%      1.00E-03   13.95617  32.31858  13.95941
 00:00:26     0/1000     val         4/19          0.0%      1.00E-03   11.41361 222.17154  11.43582
 00:00:26     0/1000    train       30/140         0.0%      1.00E-03   10.64004  32.28672  10.64327
 00:00:30     0/1000    train       40/140         0.0%      1.00E-03   10.30755  32.66962  10.31081
 00:00:32     0/1000     val         6/19          0.0%      1.00E-03    8.97844  91.55965   8.98760
 00:00:34     0/1000    train       50/140         0.0%      1.00E-03    8.65187  33.24680   8.65520
 00:00:38     0/1000     val         8/19          0.0%      1.00E-03    8.64940  39.78102   8.65338
 00:00:39     0/1000    train       60/140         0.0%      1.00E-03    8.92815  33.76537   8.93152
 00:00:42     0/1000    train       70/140         0.1%      1.00E-03    8.79757  35.01389   8.80107
 00:00:44     0/1000     val        10/19          0.1%      1.00E-03    8.45208  33.52242   8.45543
 00:00:46     0/1000    train       80/140         0.1%      1.00E-03    9.19591  35.87429   9.19950
 00:00:50     0/1000     val        12/19          0.1%      1.00E-03    8.97920  43.53223   8.98356
 00:00:51     0/1000    train       90/140         0.1%      1.00E-03    8.54300  35.87200   8.54659
 00:00:54     0/1000    train      100/140         0.1%      1.00E-03    7.86669  35.94286   7.87029
 00:00:56     0/1000     val        14/19          0.1%      1.00E-03    8.06664  44.27415   8.07106
 00:00:58     0/1000    train      110/140         0.1%      1.00E-03    7.50808  38.22081   7.51190
 00:01:02     0/1000     val        16/19          0.1%      1.00E-03    7.57995  32.34209   7.58319
 00:01:02     0/1000    train      120/140         0.1%      1.00E-03    8.27011  38.83136   8.27399
 00:01:06     0/1000    train      130/140         0.1%      1.00E-03    8.13451  39.03658   8.13842
 00:01:08     0/1000     val        18/19          0.1%      1.00E-03    7.01275  43.16521   7.01707
training run exp-model_v3-fcupconv-emd-vae-1e-4
     Time    Epoch     Dataset    Iteration    Progress(%)       LR    ReconLoss    KLDivLoss   TotalLoss
 00:01:11     1/1000    train        0/140         0.1%      1.00E-03    7.13894  40.59233   7.14300
 00:01:15     1/1000     val         1/19          0.1%      1.00E-03    7.44882  38.81533   7.45270
 00:01:16     1/1000    train       10/140         0.1%      1.00E-03    7.50019  42.55049   7.50444
 00:01:20     1/1000    train       20/140         0.1%      1.00E-03    6.77700  42.92753   6.78130
 00:01:22     1/1000     val         3/19          0.1%      1.00E-03    6.67791  47.11435   6.68263
 00:01:25     1/1000    train       30/140         0.1%      1.00E-03    6.38660  44.04519   6.39100
 00:01:28     1/1000     val         5/19          0.1%      1.00E-03    6.86317  45.99480   6.86777
 00:01:29     1/1000    train       40/140         0.1%      1.00E-03    6.47809  47.60402   6.48285
 00:01:32     1/1000    train       50/140         0.1%      1.00E-03    7.19692  46.97470   7.20162
 00:01:34     1/1000     val         7/19          0.1%      1.00E-03    7.14214  53.35785   7.14748
 00:01:37     1/1000    train       60/140         0.1%      1.00E-03    7.07194  49.20778   7.07687
 00:01:40     1/1000     val         9/19          0.2%      1.00E-03    6.24501  46.81621   6.24970
 00:01:41     1/1000    train       70/140         0.2%      1.00E-03    6.27765  49.75883   6.28263
 00:01:45     1/1000    train       80/140         0.2%      1.00E-03    6.28394  49.89959   6.28893
 00:01:46     1/1000     val        11/19          0.2%      1.00E-03    6.13409  54.92558   6.13958
 00:01:49     1/1000    train       90/140         0.2%      1.00E-03    6.12143  51.57030   6.12659
 00:01:52     1/1000     val        13/19          0.2%      1.00E-03    6.36557  50.86898   6.37066
 00:01:53     1/1000    train      100/140         0.2%      1.00E-03    6.27186  53.43547   6.27720
 00:01:56     1/1000    train      110/140         0.2%      1.00E-03    7.94654  52.56274   7.95180
 00:01:58     1/1000     val        15/19          0.2%      1.00E-03    6.57725  71.84303   6.58443
 00:02:01     1/1000    train      120/140         0.2%      1.00E-03    6.22761  56.53981   6.23327
 00:02:03     1/1000     val        17/19          0.2%      1.00E-03    5.11540  41.88081   5.11958
 00:02:05     1/1000    train      130/140         0.2%      1.00E-03    6.28874  59.18727   6.29465
training run exp-model_v3-fcupconv-emd-vae-1e-4
     Time    Epoch     Dataset    Iteration    Progress(%)       LR    ReconLoss    KLDivLoss   TotalLoss
 00:02:09     2/1000    train        0/140         0.2%      1.00E-03    6.41123  57.72416   6.41700
 00:02:11     2/1000     val         0/19          0.2%      1.00E-03    5.94971  65.78870   5.95629
 00:02:14     2/1000    train       10/140         0.2%      1.00E-03    7.03798  55.73242   7.04355
 00:02:17     2/1000     val         2/19          0.2%      1.00E-03    6.15102  71.73676   6.15819
 00:02:18     2/1000    train       20/140         0.2%      1.00E-03    5.91379  61.10766   5.91990
 00:02:23     2/1000     val         4/19          0.2%      1.00E-03    5.52598  78.11936   5.53380
 00:02:23     2/1000    train       30/140         0.2%      1.00E-03    5.91117  59.18874   5.91708
 00:02:26     2/1000    train       40/140         0.2%      1.00E-03    6.35146  59.93113   6.35746
 00:02:29     2/1000     val         6/19          0.2%      1.00E-03    5.57239  47.74419   5.57717
 00:02:30     2/1000    train       50/140         0.2%      1.00E-03    6.03698  61.94535   6.04317
 00:02:35     2/1000     val         8/19          0.2%      1.00E-03    6.01621  58.72834   6.02208
 00:02:35     2/1000    train       60/140         0.2%      1.00E-03    5.87939  61.60608   5.88555
 00:02:39     2/1000    train       70/140         0.3%      1.00E-03    7.63308  62.66031   7.63934
 00:02:41     2/1000     val        10/19          0.3%      1.00E-03    5.49977  61.47298   5.50592
 00:02:42     2/1000    train       80/140         0.3%      1.00E-03    6.30220  63.81628   6.30858
 00:02:47     2/1000     val        12/19          0.3%      1.00E-03    6.70657  79.53760   6.71452
 00:02:47     2/1000    train       90/140         0.3%      1.00E-03    6.43681  67.12569   6.44353
 00:02:50     2/1000    train      100/140         0.3%      1.00E-03    5.67066  70.25201   5.67768
 00:02:53     2/1000     val        14/19          0.3%      1.00E-03    6.02212  77.10135   6.02983
 00:02:54     2/1000    train      110/140         0.3%      1.00E-03    6.13103  70.28453   6.13806
 00:02:58     2/1000     val        16/19          0.3%      1.00E-03    6.91206  65.22665   6.91858
 00:02:59     2/1000    train      120/140         0.3%      1.00E-03    6.74861  69.59598   6.75557
 00:03:02     2/1000    train      130/140         0.3%      1.00E-03    6.01337  69.18567   6.02029
 00:03:04     2/1000     val        18/19          0.3%      1.00E-03    5.07146  72.48120   5.07870
training run exp-model_v3-fcupconv-emd-vae-1e-4
     Time    Epoch     Dataset    Iteration    Progress(%)       LR    ReconLoss    KLDivLoss   TotalLoss
 00:03:08     3/1000    train        0/140         0.3%      1.00E-03    6.55205  72.77079   6.55933
 00:03:12     3/1000     val         1/19          0.3%      1.00E-03    5.84315  68.57318   5.85001
 00:03:12     3/1000    train       10/140         0.3%      1.00E-03    5.92614  73.70905   5.93351
 00:03:16     3/1000    train       20/140         0.3%      1.00E-03    5.38756  73.52781   5.39491
 00:03:18     3/1000     val         3/19          0.3%      1.00E-03    5.80562  81.89645   5.81381
 00:03:21     3/1000    train       30/140         0.3%      1.00E-03    5.75669  74.33208   5.76413
 00:03:24     3/1000     val         5/19          0.3%      1.00E-03    5.99828  75.09397   6.00579
 00:03:25     3/1000    train       40/140         0.3%      1.00E-03    5.68545  74.25324   5.69288
 00:03:28     3/1000    train       50/140         0.3%      1.00E-03    6.01757  75.39198   6.02511
 00:03:30     3/1000     val         7/19          0.3%      1.00E-03    5.91988  81.50666   5.92803
 00:03:33     3/1000    train       60/140         0.3%      1.00E-03    5.39012  77.27824   5.39785
 00:03:36     3/1000     val         9/19          0.4%      1.00E-03    5.17923  68.13921   5.18604
 00:03:36     3/1000    train       70/140         0.4%      1.00E-03    6.49835  81.33329   6.50648
 00:03:40     3/1000    train       80/140         0.4%      1.00E-03    7.05024  78.67648   7.05811
 00:03:42     3/1000     val        11/19          0.4%      1.00E-03    5.50938  79.60820   5.51734
 00:03:45     3/1000    train       90/140         0.4%      1.00E-03    5.44986  80.46169   5.45790
 00:03:47     3/1000     val        13/19          0.4%      1.00E-03    5.97676  82.58574   5.98501
 00:03:48     3/1000    train      100/140         0.4%      1.00E-03    4.55601  82.10468   4.56422
 00:03:52     3/1000    train      110/140         0.4%      1.00E-03    5.95104  80.30286   5.95907
 00:03:53     3/1000     val        15/19          0.4%      1.00E-03    6.27740  97.56025   6.28716
 00:03:57     3/1000    train      120/140         0.4%      1.00E-03    5.18386  81.55147   5.19202
 00:03:59     3/1000     val        17/19          0.4%      1.00E-03    4.63561  64.55679   4.64207
 00:04:01     3/1000    train      130/140         0.4%      1.00E-03    6.77422  85.40031   6.78276
training run exp-model_v3-fcupconv-emd-vae-1e-4
     Time    Epoch     Dataset    Iteration    Progress(%)       LR    ReconLoss    KLDivLoss   TotalLoss
 00:04:05     4/1000    train        0/140         0.4%      1.00E-03    6.14740  84.48700   6.15585
 00:04:07     4/1000     val         0/19          0.4%      1.00E-03    5.58902  90.82072   5.59810
 00:04:11     4/1000    train       10/140         0.4%      1.00E-03    5.66560  84.77208   5.67407
 00:04:13     4/1000     val         2/19          0.4%      1.00E-03    5.46744  95.04134   5.47695
 00:04:14     4/1000    train       20/140         0.4%      1.00E-03    5.98482  86.16190   5.99343
 00:04:19     4/1000     val         4/19          0.4%      1.00E-03    5.37561 112.29488   5.38684
 00:04:19     4/1000    train       30/140         0.4%      1.00E-03    5.59991  85.72549   5.60848
 00:04:23     4/1000    train       40/140         0.4%      1.00E-03    5.69233  88.37198   5.70117
 00:04:25     4/1000     val         6/19          0.4%      1.00E-03    5.01148  77.01144   5.01918
 00:04:27     4/1000    train       50/140         0.4%      1.00E-03    5.64867  89.27481   5.65760
 00:04:31     4/1000     val         8/19          0.4%      1.00E-03    5.96746  86.34694   5.97609
 00:04:31     4/1000    train       60/140         0.4%      1.00E-03    6.50770  89.50867   6.51665
 00:04:36     4/1000    train       70/140         0.5%      1.00E-03    5.85188  90.27895   5.86091
 00:04:38     4/1000     val        10/19          0.5%      1.00E-03    5.01436  91.59947   5.02352
 00:04:39     4/1000    train       80/140         0.5%      1.00E-03    5.88133  90.25861   5.89036
 00:04:44     4/1000     val        12/19          0.5%      1.00E-03    6.04683 131.73331   6.06000
 00:04:44     4/1000    train       90/140         0.5%      1.00E-03    6.11639  94.26579   6.12582
 00:04:48     4/1000    train      100/140         0.5%      1.00E-03    6.18844  92.81604   6.19772
 00:04:50     4/1000     val        14/19          0.5%      1.00E-03    5.27421 101.87053   5.28439
 00:04:51     4/1000    train      110/140         0.5%      1.00E-03    5.68289  92.88133   5.69218
 00:04:56     4/1000     val        16/19          0.5%      1.00E-03    6.34482  85.11877   6.35333
 00:04:56     4/1000    train      120/140         0.5%      1.00E-03    5.49463  97.61414   5.50439
 00:05:00     4/1000    train      130/140         0.5%      1.00E-03    5.08190  93.66879   5.09126
 00:05:01     4/1000     val        18/19          0.5%      1.00E-03    5.14761  92.22144   5.15684
training run exp-model_v3-fcupconv-emd-vae-1e-4
     Time    Epoch     Dataset    Iteration    Progress(%)       LR    ReconLoss    KLDivLoss   TotalLoss
 00:05:05     5/1000    train        0/140         0.5%      1.00E-03    4.84270  95.51596   4.85225
 00:05:09     5/1000     val         1/19          0.5%      1.00E-03    5.64731  95.62151   5.65687
 00:05:10     5/1000    train       10/140         0.5%      1.00E-03    5.53004  97.49228   5.53979
 00:05:14     5/1000    train       20/140         0.5%      1.00E-03    5.84804  98.50309   5.85789
 00:05:15     5/1000     val         3/19          0.5%      1.00E-03    5.33746  93.97942   5.34686
 00:05:18     5/1000    train       30/140         0.5%      1.00E-03    6.14079 101.16527   6.15091
 00:05:21     5/1000     val         5/19          0.5%      1.00E-03    5.53042  86.05464   5.53902
 00:05:22     5/1000    train       40/140         0.5%      1.00E-03    5.99447 103.02013   6.00477
 00:05:25     5/1000    train       50/140         0.5%      1.00E-03    4.93056 100.38091   4.94060
 00:05:27     5/1000     val         7/19          0.5%      1.00E-03    5.18869 123.36511   5.20102
 00:05:30     5/1000    train       60/140         0.5%      1.00E-03    5.05228 101.38470   5.06242
 00:05:33     5/1000     val         9/19          0.6%      1.00E-03    4.93588 105.61269   4.94644
 00:05:34     5/1000    train       70/140         0.6%      1.00E-03    4.72022 104.21356   4.73064
 00:05:37     5/1000    train       80/140         0.6%      1.00E-03    6.02859 106.14279   6.03921
 00:05:39     5/1000     val        11/19          0.6%      1.00E-03    4.76382 100.83640   4.77390
 00:05:42     5/1000    train       90/140         0.6%      1.00E-03    5.13359 107.28487   5.14432
 00:05:45     5/1000     val        13/19          0.6%      1.00E-03    4.91017 115.50029   4.92172
 00:05:46     5/1000    train      100/140         0.6%      1.00E-03    4.67785 105.98724   4.68845
 00:05:50     5/1000    train      110/140         0.6%      1.00E-03    5.94944 106.01285   5.96004
 00:05:51     5/1000     val        15/19          0.6%      1.00E-03    4.84971 124.62729   4.86217
 00:05:55     5/1000    train      120/140         0.6%      1.00E-03    4.94977 108.90841   4.96066
 00:05:57     5/1000     val        17/19          0.6%      1.00E-03    4.85541 101.57649   4.86557
 00:05:58     5/1000    train      130/140         0.6%      1.00E-03    4.76339 105.96709   4.77399
training run exp-model_v3-fcupconv-emd-vae-1e-4
     Time    Epoch     Dataset    Iteration    Progress(%)       LR    ReconLoss    KLDivLoss   TotalLoss
 00:06:03     6/1000    train        0/140         0.6%      1.00E-03    4.75541 109.18382   4.76633
 00:06:05     6/1000     val         0/19          0.6%      1.00E-03    4.54632 121.76291   4.55850
 00:06:08     6/1000    train       10/140         0.6%      1.00E-03    5.51611 109.59650   5.52706
 00:06:11     6/1000     val         2/19          0.6%      1.00E-03    5.17077 117.97076   5.18257
 00:06:12     6/1000    train       20/140         0.6%      1.00E-03    4.35130 114.05003   4.36271
 00:06:17     6/1000     val         4/19          0.6%      1.00E-03    4.66700 120.11163   4.67901
 00:06:17     6/1000    train       30/140         0.6%      1.00E-03    4.59336 114.19453   4.60478
 00:06:20     6/1000    train       40/140         0.6%      1.00E-03    5.58753 112.78954   5.59881
 00:06:22     6/1000     val         6/19          0.6%      1.00E-03    4.28403 106.49409   4.29468
 00:06:24     6/1000    train       50/140         0.6%      1.00E-03    5.56369 112.50119   5.57494
 00:06:28     6/1000     val         8/19          0.6%      1.00E-03    5.32410 102.33922   5.33433
 00:06:28     6/1000    train       60/140         0.6%      1.00E-03    5.48190 110.75401   5.49298
 00:06:32     6/1000    train       70/140         0.7%      1.00E-03    4.58852 116.89741   4.60021
 00:06:34     6/1000     val        10/19          0.7%      1.00E-03    4.57980 110.88058   4.59088
 00:06:36     6/1000    train       80/140         0.7%      1.00E-03    6.13365 112.73102   6.14492
 00:06:40     6/1000     val        12/19          0.7%      1.00E-03    5.71220 152.45474   5.72745
 00:06:40     6/1000    train       90/140         0.7%      1.00E-03    5.41185 118.41713   5.42369
 00:06:43     6/1000    train      100/140         0.7%      1.00E-03    4.47797 118.10114   4.48979
 00:06:46     6/1000     val        14/19          0.7%      1.00E-03    4.90843 131.35345   4.92157
 00:06:47     6/1000    train      110/140         0.7%      1.00E-03    5.07502 119.41382   5.08696
 00:06:52     6/1000     val        16/19          0.7%      1.00E-03    5.11742 123.51874   5.12977
 00:06:52     6/1000    train      120/140         0.7%      1.00E-03    5.15315 116.69859   5.16482
 00:06:56     6/1000    train      130/140         0.7%      1.00E-03    4.79043 120.47185   4.80248
 00:06:58     6/1000     val        18/19          0.7%      1.00E-03    4.43475 125.98320   4.44735
training run exp-model_v3-fcupconv-emd-vae-1e-4
     Time    Epoch     Dataset    Iteration    Progress(%)       LR    ReconLoss    KLDivLoss   TotalLoss
 00:07:01     7/1000    train        0/140         0.7%      1.00E-03    5.18502 122.00641   5.19722
 00:07:06     7/1000     val         1/19          0.7%      1.00E-03    5.10708 132.39105   5.12032
 00:07:06     7/1000    train       10/140         0.7%      1.00E-03    5.48682 123.97883   5.49922
 00:07:10     7/1000    train       20/140         0.7%      1.00E-03    5.56347 125.32877   5.57600
 00:07:12     7/1000     val         3/19          0.7%      1.00E-03    4.53079 130.44977   4.54384
 00:07:15     7/1000    train       30/140         0.7%      1.00E-03    4.44023 127.16171   4.45295
 00:07:18     7/1000     val         5/19          0.7%      1.00E-03    4.48723 116.79546   4.49891
 00:07:19     7/1000    train       40/140         0.7%      1.00E-03    4.69787 129.82863   4.71085
 00:07:22     7/1000    train       50/140         0.7%      1.00E-03    5.39078 125.12850   5.40329
 00:07:24     7/1000     val         7/19          0.7%      1.00E-03    4.73968 137.90308   4.75347
 00:07:27     7/1000    train       60/140         0.7%      1.00E-03    5.27357 128.99751   5.28647
 00:07:30     7/1000     val         9/19          0.8%      1.00E-03    4.68569 121.25270   4.69781
 00:07:31     7/1000    train       70/140         0.8%      1.00E-03    5.66425 126.10779   5.67686
 00:07:34     7/1000    train       80/140         0.8%      1.00E-03    5.19834 131.60501   5.21150
 00:07:36     7/1000     val        11/19          0.8%      1.00E-03    4.63354 137.17758   4.64726
 00:07:39     7/1000    train       90/140         0.8%      1.00E-03    4.55063 126.64656   4.56329
 00:07:42     7/1000     val        13/19          0.8%      1.00E-03    4.93391 147.70361   4.94868
 00:07:43     7/1000    train      100/140         0.8%      1.00E-03    5.07096 134.34543   5.08439
 00:07:46     7/1000    train      110/140         0.8%      1.00E-03    4.35199 131.75313   4.36516
 00:07:47     7/1000     val        15/19          0.8%      1.00E-03    4.40682 158.39575   4.42266
 00:07:51     7/1000    train      120/140         0.8%      1.00E-03    4.44233 134.10950   4.45574
 00:07:54     7/1000     val        17/19          0.8%      1.00E-03    4.10544 117.60297   4.11720
 00:07:55     7/1000    train      130/140         0.8%      1.00E-03    4.71327 134.75491   4.72674
training run exp-model_v3-fcupconv-emd-vae-1e-4
     Time    Epoch     Dataset    Iteration    Progress(%)       LR    ReconLoss    KLDivLoss   TotalLoss
 00:07:59     8/1000    train        0/140         0.8%      1.00E-03    5.10885 131.58188   5.12201
 00:08:01     8/1000     val         0/19          0.8%      1.00E-03    4.77496 161.96205   4.79116
 00:08:04     8/1000    train       10/140         0.8%      1.00E-03    4.90980 136.56274   4.92345
 00:08:07     8/1000     val         2/19          0.8%      1.00E-03    4.76838 136.42525   4.78202
 00:08:08     8/1000    train       20/140         0.8%      1.00E-03    4.44575 139.80972   4.45973
 00:08:13     8/1000     val         4/19          0.8%      1.00E-03    4.41946 148.42769   4.43430
 00:08:13     8/1000    train       30/140         0.8%      1.00E-03    4.47138 140.29756   4.48541
 00:08:17     8/1000    train       40/140         0.8%      1.00E-03    4.71226 136.69681   4.72593
 00:08:19     8/1000     val         6/19          0.8%      1.00E-03    4.66712 138.61389   4.68098
 00:08:21     8/1000    train       50/140         0.8%      1.00E-03    4.94320 135.73294   4.95678
 00:08:25     8/1000     val         8/19          0.8%      1.00E-03    4.53781 129.60669   4.55077
 00:08:25     8/1000    train       60/140         0.8%      1.00E-03    4.62074 141.63188   4.63490
 00:08:29     8/1000    train       70/140         0.9%      1.00E-03    4.36876 139.75961   4.38274
 00:08:31     8/1000     val        10/19          0.9%      1.00E-03    4.64501 135.26186   4.65854
 00:08:33     8/1000    train       80/140         0.9%      1.00E-03    4.55193 142.57443   4.56619
 00:08:38     8/1000     val        12/19          0.9%      1.00E-03    5.05936 178.60661   5.07722
 00:08:38     8/1000    train       90/140         0.9%      1.00E-03    4.80794 146.90907   4.82263
 00:08:42     8/1000    train      100/140         0.9%      1.00E-03    4.85076 143.84760   4.86514
 00:08:43     8/1000     val        14/19          0.9%      1.00E-03    4.45125 144.98370   4.46574
 00:08:45     8/1000    train      110/140         0.9%      1.00E-03    4.76251 147.86807   4.77730
 00:08:49     8/1000     val        16/19          0.9%      1.00E-03    4.84493 139.79089   4.85891
 00:08:50     8/1000    train      120/140         0.9%      1.00E-03    5.31535 147.31102   5.33008
 00:08:53     8/1000    train      130/140         0.9%      1.00E-03    4.66043 144.70421   4.67490
 00:08:55     8/1000     val        18/19          0.9%      1.00E-03    4.14970 130.33476   4.16273
training run exp-model_v3-fcupconv-emd-vae-1e-4
     Time    Epoch     Dataset    Iteration    Progress(%)       LR    ReconLoss    KLDivLoss   TotalLoss
 00:08:58     9/1000    train        0/140         0.9%      1.00E-03    5.72788 150.22221   5.74290
 00:09:02     9/1000     val         1/19          0.9%      1.00E-03    4.12711 161.87950   4.14330
 00:09:03     9/1000    train       10/140         0.9%      1.00E-03    4.99581 147.69592   5.01058
 00:09:07     9/1000    train       20/140         0.9%      1.00E-03    4.02861 151.90337   4.04380
 00:09:08     9/1000     val         3/19          0.9%      1.00E-03    4.59750 153.64583   4.61286
 00:09:11     9/1000    train       30/140         0.9%      1.00E-03    4.73001 149.84438   4.74499
 00:09:14     9/1000     val         5/19          0.9%      1.00E-03    4.79008 148.85963   4.80497
 00:09:15     9/1000    train       40/140         0.9%      1.00E-03    4.46275 156.32089   4.47838
 00:09:18     9/1000    train       50/140         0.9%      1.00E-03    4.48967 153.20468   4.50499
 00:09:20     9/1000     val         7/19          0.9%      1.00E-03    4.54714 173.17673   4.56446
 00:09:23     9/1000    train       60/140         0.9%      1.00E-03    4.74714 156.00583   4.76274
 00:09:25     9/1000     val         9/19          1.0%      1.00E-03    4.64390 151.69539   4.65907
 00:09:26     9/1000    train       70/140         1.0%      1.00E-03    5.02542 156.86272   5.04110
 00:09:30     9/1000    train       80/140         1.0%      1.00E-03    4.79569 156.52550   4.81134
 00:09:31     9/1000     val        11/19          1.0%      1.00E-03    4.47488 171.75296   4.49206
 00:09:34     9/1000    train       90/140         1.0%      1.00E-03    4.98268 156.58862   4.99834
 00:09:37     9/1000     val        13/19          1.0%      1.00E-03    4.11097 172.20526   4.12819
 00:09:38     9/1000    train      100/140         1.0%      1.00E-03    5.15872 157.14438   5.17443
 00:09:42     9/1000    train      110/140         1.0%      1.00E-03    4.74663 158.77434   4.76251
 00:09:43     9/1000     val        15/19          1.0%      1.00E-03    4.08614 174.05902   4.10354
 00:09:46     9/1000    train      120/140         1.0%      1.00E-03    4.75886 162.65041   4.77512
 00:09:49     9/1000     val        17/19          1.0%      1.00E-03    4.74176 141.53191   4.75591
 00:09:50     9/1000    train      130/140         1.0%      1.00E-03    5.05329 163.29063   5.06962
training run exp-model_v3-fcupconv-emd-vae-1e-4
     Time    Epoch     Dataset    Iteration    Progress(%)       LR    ReconLoss    KLDivLoss   TotalLoss
 00:09:55    10/1000    train        0/140         1.0%      1.00E-03    4.40887 158.26810   4.42470
 00:09:57    10/1000     val         0/19          1.0%      1.00E-03    4.07357 180.46889   4.09162
Visualizing ...
Generating html visualization ...
DONE
 00:10:10    10/1000    train       10/140         1.0%      1.00E-03    5.29463 162.16803   5.31084
 00:10:12    10/1000     val         2/19          1.0%      1.00E-03    4.48134 173.15216   4.49866
 00:10:13    10/1000    train       20/140         1.0%      1.00E-03    4.74201 167.39624   4.75875
 00:10:18    10/1000     val         4/19          1.0%      1.00E-03    4.66504 169.77576   4.68202
 00:10:18    10/1000    train       30/140         1.0%      1.00E-03    5.02176 167.17186   5.03848
 00:10:22    10/1000    train       40/140         1.0%      1.00E-03    4.88016 166.62102   4.89682
 00:10:24    10/1000     val         6/19          1.0%      1.00E-03    4.36604 145.81107   4.38062
 00:10:26    10/1000    train       50/140         1.0%      1.00E-03    4.28085 168.68820   4.29772
 00:10:30    10/1000     val         8/19          1.0%      1.00E-03    4.54151 161.40549   4.55765
 00:10:30    10/1000    train       60/140         1.0%      1.00E-03    4.29375 162.18164   4.30996
 00:10:34    10/1000    train       70/140         1.1%      1.00E-03    4.51700 168.39081   4.53384
 00:10:36    10/1000     val        10/19          1.1%      1.00E-03    4.95317 167.46068   4.96992
 00:10:38    10/1000    train       80/140         1.1%      1.00E-03    4.75098 172.78067   4.76826
 00:10:42    10/1000     val        12/19          1.1%      1.00E-03    4.89013 188.01083   4.90893
 00:10:43    10/1000    train       90/140         1.1%      1.00E-03    4.58258 168.40234   4.59942
 00:10:46    10/1000    train      100/140         1.1%      1.00E-03    5.07527 171.28134   5.09239
 00:10:49    10/1000     val        14/19          1.1%      1.00E-03    4.33674 161.19141   4.35286
 00:10:50    10/1000    train      110/140         1.1%      1.00E-03    4.27641 169.71127   4.29339
 00:10:54    10/1000     val        16/19          1.1%      1.00E-03    4.57708 187.80879   4.59586
 00:10:55    10/1000    train      120/140         1.1%      1.00E-03    4.14455 170.09885   4.16156
 00:10:59    10/1000    train      130/140         1.1%      1.00E-03    3.96921 173.12518   3.98652
 00:11:00    10/1000     val        18/19          1.1%      1.00E-03    4.20542 152.27466   4.22065
training run exp-model_v3-fcupconv-emd-vae-1e-4
     Time    Epoch     Dataset    Iteration    Progress(%)       LR    ReconLoss    KLDivLoss   TotalLoss
 00:11:03    11/1000    train        0/140         1.1%      1.00E-03    4.13232 174.47517   4.14977
 00:11:08    11/1000     val         1/19          1.1%      1.00E-03    4.01725 189.74307   4.03622
 00:11:09    11/1000    train       10/140         1.1%      1.00E-03    4.58195 174.82370   4.59943
 00:11:12    11/1000    train       20/140         1.1%      1.00E-03    4.20515 179.58447   4.22310
 00:11:14    11/1000     val         3/19          1.1%      1.00E-03    4.45292 181.08174   4.47103
 00:11:17    11/1000    train       30/140         1.1%      1.00E-03    5.14581 178.20029   5.16363
 00:11:20    11/1000     val         5/19          1.1%      1.00E-03    4.45177 182.27060   4.46999
 00:11:21    11/1000    train       40/140         1.1%      1.00E-03    4.83983 177.26019   4.85755
 00:11:25    11/1000    train       50/140         1.1%      1.00E-03    4.06407 174.34677   4.08151
 00:11:26    11/1000     val         7/19          1.1%      1.00E-03    5.13168 180.47037   5.14973
 00:11:29    11/1000    train       60/140         1.1%      1.00E-03    4.27218 183.59305   4.29054
 00:11:32    11/1000     val         9/19          1.2%      1.00E-03    4.55504 169.37865   4.57198
 00:11:33    11/1000    train       70/140         1.2%      1.00E-03    4.76312 178.35556   4.78096
 00:11:37    11/1000    train       80/140         1.2%      1.00E-03    3.91636 180.42023   3.93440
 00:11:38    11/1000     val        11/19          1.2%      1.00E-03    4.42212 174.14276   4.43953
 00:11:41    11/1000    train       90/140         1.2%      1.00E-03    4.27741 182.00415   4.29561
 00:11:44    11/1000     val        13/19          1.2%      1.00E-03    4.12673 230.32965   4.14976
 00:11:45    11/1000    train      100/140         1.2%      1.00E-03    5.01772 183.98372   5.03611
 00:11:49    11/1000    train      110/140         1.2%      1.00E-03    5.04416 182.74188   5.06243
 00:11:50    11/1000     val        15/19          1.2%      1.00E-03    4.70496 202.03250   4.72516
 00:11:53    11/1000    train      120/140         1.2%      1.00E-03    4.83302 180.95425   4.85111
 00:11:56    11/1000     val        17/19          1.2%      1.00E-03    4.01462 169.44061   4.03157
 00:11:57    11/1000    train      130/140         1.2%      1.00E-03    5.03932 183.03586   5.05762
training run exp-model_v3-fcupconv-emd-vae-1e-4
     Time    Epoch     Dataset    Iteration    Progress(%)       LR    ReconLoss    KLDivLoss   TotalLoss
 00:12:02    12/1000    train        0/140         1.2%      1.00E-03    4.57988 184.38452   4.59832
 00:12:04    12/1000     val         0/19          1.2%      1.00E-03    4.01251 202.58209   4.03276
 00:12:07    12/1000    train       10/140         1.2%      1.00E-03    4.59724 181.42792   4.61538
 00:12:09    12/1000     val         2/19          1.2%      1.00E-03    4.82157 201.06856   4.84168
 00:12:11    12/1000    train       20/140         1.2%      1.00E-03    4.29152 184.30638   4.30995
 00:12:16    12/1000     val         4/19          1.2%      1.00E-03    3.93328 189.43576   3.95222
 00:12:16    12/1000    train       30/140         1.2%      1.00E-03    4.59731 189.73396   4.61629
 00:12:20    12/1000    train       40/140         1.2%      1.00E-03    4.29438 190.15257   4.31340
 00:12:22    12/1000     val         6/19          1.2%      1.00E-03    4.10043 165.06023   4.11693
 00:12:23    12/1000    train       50/140         1.2%      1.00E-03    5.26425 190.24950   5.28328
 00:12:28    12/1000     val         8/19          1.2%      1.00E-03    4.27900 195.31778   4.29853
 00:12:28    12/1000    train       60/140         1.2%      1.00E-03    4.49247 188.46877   4.51132
 00:12:32    12/1000    train       70/140         1.3%      1.00E-03    4.80207 193.31834   4.82140
 00:12:34    12/1000     val        10/19          1.3%      1.00E-03    4.08740 175.13484   4.10491
 00:12:35    12/1000    train       80/140         1.3%      1.00E-03    4.27079 188.24799   4.28961
 00:12:40    12/1000     val        12/19          1.3%      1.00E-03    4.89933 220.37498   4.92136
 00:12:40    12/1000    train       90/140         1.3%      1.00E-03    4.07671 190.66263   4.09578
 00:12:44    12/1000    train      100/140         1.3%      1.00E-03    3.96296 192.24123   3.98218
 00:12:46    12/1000     val        14/19          1.3%      1.00E-03    4.84140 203.67819   4.86176
 00:12:47    12/1000    train      110/140         1.3%      1.00E-03    3.69855 190.20026   3.71757
 00:12:52    12/1000     val        16/19          1.3%      1.00E-03    4.38397 209.32144   4.40490
 00:12:52    12/1000    train      120/140         1.3%      1.00E-03    3.91711 193.47183   3.93646
 00:12:56    12/1000    train      130/140         1.3%      1.00E-03    4.23461 188.59972   4.25347
 00:12:58    12/1000     val        18/19          1.3%      1.00E-03    3.70683 188.46443   3.72567
training run exp-model_v3-fcupconv-emd-vae-1e-4
     Time    Epoch     Dataset    Iteration    Progress(%)       LR    ReconLoss    KLDivLoss   TotalLoss
 00:13:01    13/1000    train        0/140         1.3%      1.00E-03    3.98897 187.72076   4.00774
 00:13:05    13/1000     val         1/19          1.3%      1.00E-03    3.79275 203.12274   3.81306
 00:13:06    13/1000    train       10/140         1.3%      1.00E-03    3.95199 199.22589   3.97192
 00:13:10    13/1000    train       20/140         1.3%      1.00E-03    4.18718 195.33270   4.20672
 00:13:11    13/1000     val         3/19          1.3%      1.00E-03    4.41463 195.18552   4.43415
 00:13:14    13/1000    train       30/140         1.3%      1.00E-03    4.35782 201.01102   4.37792
 00:13:17    13/1000     val         5/19          1.3%      1.00E-03    4.33557 187.99435   4.35437
 00:13:18    13/1000    train       40/140         1.3%      1.00E-03    4.42486 199.28674   4.44479
 00:13:22    13/1000    train       50/140         1.3%      1.00E-03    4.09939 195.62656   4.11895
 00:13:24    13/1000     val         7/19          1.3%      1.00E-03    4.36946 217.92224   4.39125
 00:13:27    13/1000    train       60/140         1.3%      1.00E-03    4.06869 197.95636   4.08848
 00:13:30    13/1000     val         9/19          1.4%      1.00E-03    3.72833 187.73335   3.74710
 00:13:30    13/1000    train       70/140         1.4%      1.00E-03    3.95684 194.47755   3.97629
 00:13:34    13/1000    train       80/140         1.4%      1.00E-03    3.75449 196.22745   3.77411
 00:13:36    13/1000     val        11/19          1.4%      1.00E-03    4.33870 204.63133   4.35917
 00:13:39    13/1000    train       90/140         1.4%      1.00E-03    4.89079 196.03979   4.91040
 00:13:42    13/1000     val        13/19          1.4%      1.00E-03    4.45106 203.59052   4.47142
 00:13:43    13/1000    train      100/140         1.4%      1.00E-03    3.82052 198.28348   3.84035
 00:13:46    13/1000    train      110/140         1.4%      1.00E-03    4.59188 198.61227   4.61174
 00:13:48    13/1000     val        15/19          1.4%      1.00E-03    4.20625 223.32777   4.22858
 00:13:51    13/1000    train      120/140         1.4%      1.00E-03    4.92226 202.02118   4.94246
 00:13:54    13/1000     val        17/19          1.4%      1.00E-03    3.82751 190.43268   3.84655
 00:13:55    13/1000    train      130/140         1.4%      1.00E-03    3.82480 198.46173   3.84464
training run exp-model_v3-fcupconv-emd-vae-1e-4
     Time    Epoch     Dataset    Iteration    Progress(%)       LR    ReconLoss    KLDivLoss   TotalLoss
 00:14:00    14/1000    train        0/140         1.4%      1.00E-03    3.75132 208.26987   3.77215
 00:14:02    14/1000     val         0/19          1.4%      1.00E-03    3.64009 221.17534   3.66221
 00:14:05    14/1000    train       10/140         1.4%      1.00E-03    4.25481 201.78802   4.27499
 00:14:07    14/1000     val         2/19          1.4%      1.00E-03    4.35060 216.65227   4.37226
 00:14:09    14/1000    train       20/140         1.4%      1.00E-03    4.61615 204.35793   4.63658
 00:14:14    14/1000     val         4/19          1.4%      1.00E-03    4.00130 209.51276   4.02225
 00:14:14    14/1000    train       30/140         1.4%      1.00E-03    3.78960 205.66745   3.81017
 00:14:17    14/1000    train       40/140         1.4%      1.00E-03    4.61547 205.86583   4.63606
 00:14:19    14/1000     val         6/19          1.4%      1.00E-03    3.65379 196.39062   3.67343
 00:14:21    14/1000    train       50/140         1.4%      1.00E-03    4.63072 204.68793   4.65119
 00:14:25    14/1000     val         8/19          1.4%      1.00E-03    4.24811 218.80121   4.26999
 00:14:26    14/1000    train       60/140         1.4%      1.00E-03    4.46753 205.41908   4.48807
 00:14:29    14/1000    train       70/140         1.5%      1.00E-03    4.06007 208.59805   4.08092
 00:14:31    14/1000     val        10/19          1.5%      1.00E-03    4.00328 208.63112   4.02414
 00:14:33    14/1000    train       80/140         1.5%      1.00E-03    4.00976 210.63490   4.03082
 00:14:37    14/1000     val        12/19          1.5%      1.00E-03    4.65391 249.55429   4.67886
 00:14:37    14/1000    train       90/140         1.5%      1.00E-03    4.67948 207.68893   4.70025
 00:14:41    14/1000    train      100/140         1.5%      1.00E-03    3.89557 207.99146   3.91637
 00:14:43    14/1000     val        14/19          1.5%      1.00E-03    4.14069 229.56297   4.16364
 00:14:45    14/1000    train      110/140         1.5%      1.00E-03    4.13712 215.31039   4.15865
 00:14:49    14/1000     val        16/19          1.5%      1.00E-03    4.07481 238.26505   4.09864
 00:14:50    14/1000    train      120/140         1.5%      1.00E-03    4.13675 213.09567   4.15806
 00:14:53    14/1000    train      130/140         1.5%      1.00E-03    3.93514 213.04178   3.95644
 00:14:55    14/1000     val        18/19          1.5%      1.00E-03    4.46912 189.14746   4.48803
training run exp-model_v3-fcupconv-emd-vae-1e-4
     Time    Epoch     Dataset    Iteration    Progress(%)       LR    ReconLoss    KLDivLoss   TotalLoss
 00:14:59    15/1000    train        0/140         1.5%      1.00E-03    4.14219 213.21088   4.16351
 00:15:03    15/1000     val         1/19          1.5%      1.00E-03    4.47103 216.89804   4.49272
 00:15:04    15/1000    train       10/140         1.5%      1.00E-03    4.74165 214.27576   4.76308
 00:15:07    15/1000    train       20/140         1.5%      1.00E-03    4.44572 215.36765   4.46726
 00:15:09    15/1000     val         3/19          1.5%      1.00E-03    3.99501 214.42313   4.01645
 00:15:12    15/1000    train       30/140         1.5%      1.00E-03    4.23308 212.62341   4.25435
 00:15:14    15/1000     val         5/19          1.5%      1.00E-03    4.32159 204.19078   4.34201
 00:15:15    15/1000    train       40/140         1.5%      1.00E-03    3.88695 217.44183   3.90869
 00:15:19    15/1000    train       50/140         1.5%      1.00E-03    3.91259 223.30472   3.93492
 00:15:20    15/1000     val         7/19          1.5%      1.00E-03    3.93785 210.97562   3.95895
 00:15:23    15/1000    train       60/140         1.5%      1.00E-03    4.38482 218.65788   4.40668
 00:15:26    15/1000     val         9/19          1.6%      1.00E-03    4.29364 211.00723   4.31474
 00:15:27    15/1000    train       70/140         1.6%      1.00E-03    4.22149 215.55847   4.24305
 00:15:31    15/1000    train       80/140         1.6%      1.00E-03    3.93962 217.56573   3.96138
 00:15:32    15/1000     val        11/19          1.6%      1.00E-03    4.16164 208.38580   4.18248
 00:15:36    15/1000    train       90/140         1.6%      1.00E-03    4.18172 221.31853   4.20385
 00:15:38    15/1000     val        13/19          1.6%      1.00E-03    3.91309 244.98346   3.93759
 00:15:39    15/1000    train      100/140         1.6%      1.00E-03    4.61319 217.33267   4.63493
 00:15:43    15/1000    train      110/140         1.6%      1.00E-03    4.78951 221.03333   4.81161
 00:15:44    15/1000     val        15/19          1.6%      1.00E-03    4.20783 223.55771   4.23019
 00:15:48    15/1000    train      120/140         1.6%      1.00E-03    4.26864 220.39899   4.29068
 00:15:50    15/1000     val        17/19          1.6%      1.00E-03    4.14490 214.65292   4.16636
 00:15:51    15/1000    train      130/140         1.6%      1.00E-03    4.35028 224.06039   4.37269
training run exp-model_v3-fcupconv-emd-vae-1e-4
     Time    Epoch     Dataset    Iteration    Progress(%)       LR    ReconLoss    KLDivLoss   TotalLoss
 00:15:56    16/1000    train        0/140         1.6%      1.00E-03    3.84949 221.44324   3.87163
 00:15:57    16/1000     val         0/19          1.6%      1.00E-03    4.35858 236.69473   4.38225
 00:16:01    16/1000    train       10/140         1.6%      1.00E-03    4.40701 226.03749   4.42962
 00:16:03    16/1000     val         2/19          1.6%      1.00E-03    4.37505 231.54120   4.39820
 00:16:05    16/1000    train       20/140         1.6%      1.00E-03    4.03856 227.30664   4.06129
 00:16:09    16/1000     val         4/19          1.6%      1.00E-03    4.20687 236.05856   4.23048
 00:16:09    16/1000    train       30/140         1.6%      1.00E-03    4.37675 225.01616   4.39925
 00:16:13    16/1000    train       40/140         1.6%      1.00E-03    4.41988 229.50069   4.44283
 00:16:15    16/1000     val         6/19          1.6%      1.00E-03    4.45010 209.53885   4.47105
 00:16:16    16/1000    train       50/140         1.6%      1.00E-03    4.29014 229.21092   4.31306
 00:16:21    16/1000     val         8/19          1.6%      1.00E-03    3.80743 237.80457   3.83121
 00:16:21    16/1000    train       60/140         1.6%      1.00E-03    4.51732 228.22249   4.54015
 00:16:25    16/1000    train       70/140         1.7%      1.00E-03    3.79533 230.15814   3.81834
 00:16:27    16/1000     val        10/19          1.7%      1.00E-03    3.89034 218.78299   3.91221
 00:16:29    16/1000    train       80/140         1.7%      1.00E-03    3.58013 228.52049   3.60299
 00:16:33    16/1000     val        12/19          1.7%      1.00E-03    4.44531 265.67648   4.47188
 00:16:33    16/1000    train       90/140         1.7%      1.00E-03    4.22170 232.57193   4.24496
 00:16:37    16/1000    train      100/140         1.7%      1.00E-03    4.18880 229.20799   4.21172
 00:16:39    16/1000     val        14/19          1.7%      1.00E-03    3.86962 226.42870   3.89226
 00:16:41    16/1000    train      110/140         1.7%      1.00E-03    4.21214 230.88037   4.23523
 00:16:45    16/1000     val        16/19          1.7%      1.00E-03    4.72975 252.48157   4.75500
 00:16:46    16/1000    train      120/140         1.7%      1.00E-03    5.81339 228.43814   5.83623
 00:16:49    16/1000    train      130/140         1.7%      1.00E-03    4.32439 236.58714   4.34805
 00:16:51    16/1000     val        18/19          1.7%      1.00E-03    5.07210 229.80539   5.09508
training run exp-model_v3-fcupconv-emd-vae-1e-4
     Time    Epoch     Dataset    Iteration    Progress(%)       LR    ReconLoss    KLDivLoss   TotalLoss
 00:16:55    17/1000    train        0/140         1.7%      1.00E-03    3.71308 233.31792   3.73641
 00:16:59    17/1000     val         1/19          1.7%      1.00E-03    3.79295 246.80447   3.81763
 00:16:59    17/1000    train       10/140         1.7%      1.00E-03    4.29180 231.10051   4.31491
 00:17:03    17/1000    train       20/140         1.7%      1.00E-03    3.46071 230.89490   3.48380
 00:17:05    17/1000     val         3/19          1.7%      1.00E-03    4.17149 242.12305   4.19570
 00:17:08    17/1000    train       30/140         1.7%      1.00E-03    3.95088 234.56912   3.97434
 00:17:10    17/1000     val         5/19          1.7%      1.00E-03    3.61249 240.47545   3.63654
 00:17:11    17/1000    train       40/140         1.7%      1.00E-03    3.90377 238.22548   3.92759
 00:17:15    17/1000    train       50/140         1.7%      1.00E-03    4.09801 235.60837   4.12157
 00:17:16    17/1000     val         7/19          1.7%      1.00E-03    4.20442 239.36246   4.22835
 00:17:20    17/1000    train       60/140         1.7%      1.00E-03    3.90260 232.43689   3.92585
 00:17:22    17/1000     val         9/19          1.8%      1.00E-03    3.95456 234.23711   3.97798
 00:17:23    17/1000    train       70/140         1.8%      1.00E-03    4.90625 235.92140   4.92985
 00:17:27    17/1000    train       80/140         1.8%      1.00E-03    4.15583 230.84935   4.17891
 00:17:28    17/1000     val        11/19          1.8%      1.00E-03    4.71853 242.23926   4.74275
 00:17:31    17/1000    train       90/140         1.8%      1.00E-03    3.45433 236.46603   3.47798
 00:17:34    17/1000     val        13/19          1.8%      1.00E-03    3.76639 270.73114   3.79346
 00:17:35    17/1000    train      100/140         1.8%      1.00E-03    4.09768 238.21896   4.12150
 00:17:39    17/1000    train      110/140         1.8%      1.00E-03    4.37527 237.63400   4.39903
 00:17:40    17/1000     val        15/19          1.8%      1.00E-03    4.20498 258.84119   4.23087
 00:17:43    17/1000    train      120/140         1.8%      1.00E-03    3.76358 238.74020   3.78745
 00:17:46    17/1000     val        17/19          1.8%      1.00E-03    3.83659 222.27231   3.85882
 00:17:47    17/1000    train      130/140         1.8%      1.00E-03    4.05912 239.79140   4.08310
training run exp-model_v3-fcupconv-emd-vae-1e-4
     Time    Epoch     Dataset    Iteration    Progress(%)       LR    ReconLoss    KLDivLoss   TotalLoss
 00:17:52    18/1000    train        0/140         1.8%      1.00E-03    3.94378 239.64978   3.96775
 00:17:53    18/1000     val         0/19          1.8%      1.00E-03    3.87900 265.82800   3.90559
 00:17:57    18/1000    train       10/140         1.8%      1.00E-03    4.38761 239.00424   4.41151
 00:17:59    18/1000     val         2/19          1.8%      1.00E-03    3.92712 285.11902   3.95563
 00:18:00    18/1000    train       20/140         1.8%      1.00E-03    4.18075 245.93814   4.20534
 00:18:05    18/1000     val         4/19          1.8%      1.00E-03    3.88063 232.30917   3.90386
 00:18:05    18/1000    train       30/140         1.8%      1.00E-03    4.75218 239.57965   4.77614
 00:18:09    18/1000    train       40/140         1.8%      1.00E-03    3.88641 245.87302   3.91100
 00:18:11    18/1000     val         6/19          1.8%      1.00E-03    4.02620 249.76830   4.05118
 00:18:12    18/1000    train       50/140         1.8%      1.00E-03    4.08433 244.87997   4.10881
 00:18:16    18/1000     val         8/19          1.8%      1.00E-03    4.33401 240.43365   4.35806
 00:18:17    18/1000    train       60/140         1.8%      1.00E-03    3.76566 243.20142   3.78998
 00:18:20    18/1000    train       70/140         1.9%      1.00E-03    4.05616 242.22635   4.08038
 00:18:22    18/1000     val        10/19          1.9%      1.00E-03    3.96686 240.32872   3.99089
 00:18:24    18/1000    train       80/140         1.9%      1.00E-03    3.86423 241.44781   3.88837
 00:18:28    18/1000     val        12/19          1.9%      1.00E-03    4.73702 286.39536   4.76566
 00:18:29    18/1000    train       90/140         1.9%      1.00E-03    3.53349 240.02798   3.55750
 00:18:32    18/1000    train      100/140         1.9%      1.00E-03    4.02130 245.54433   4.04585
 00:18:34    18/1000     val        14/19          1.9%      1.00E-03    4.57471 249.87650   4.59970
 00:18:36    18/1000    train      110/140         1.9%      1.00E-03    4.11394 239.11804   4.13785
 00:18:40    18/1000     val        16/19          1.9%      1.00E-03    4.38824 261.99716   4.41444
 00:18:41    18/1000    train      120/140         1.9%      1.00E-03    3.55793 248.80991   3.58281
 00:18:44    18/1000    train      130/140         1.9%      1.00E-03    3.81925 244.39197   3.84369
 00:18:46    18/1000     val        18/19          1.9%      1.00E-03    4.03277 235.27963   4.05630
training run exp-model_v3-fcupconv-emd-vae-1e-4
     Time    Epoch     Dataset    Iteration    Progress(%)       LR    ReconLoss    KLDivLoss   TotalLoss
 00:18:50    19/1000    train        0/140         1.9%      1.00E-03    3.66411 242.59219   3.68837
 00:18:54    19/1000     val         1/19          1.9%      1.00E-03    4.20157 263.28790   4.22790
 00:18:55    19/1000    train       10/140         1.9%      1.00E-03    3.70759 246.31195   3.73223
 00:18:58    19/1000    train       20/140         1.9%      1.00E-03    4.26205 247.92792   4.28684
 00:19:00    19/1000     val         3/19          1.9%      1.00E-03    3.94491 254.68005   3.97038
 00:19:03    19/1000    train       30/140         1.9%      1.00E-03    4.31358 249.32697   4.33852
 00:19:06    19/1000     val         5/19          1.9%      1.00E-03    3.49178 255.15547   3.51730
 00:19:07    19/1000    train       40/140         1.9%      1.00E-03    3.82587 244.34607   3.85031
 00:19:10    19/1000    train       50/140         1.9%      1.00E-03    4.04581 245.53479   4.07037
 00:19:12    19/1000     val         7/19          1.9%      1.00E-03    4.50441 250.84679   4.52949
 00:19:15    19/1000    train       60/140         1.9%      1.00E-03    4.76620 252.25766   4.79143
 00:19:17    19/1000     val         9/19          2.0%      1.00E-03    3.81300 248.97552   3.83789
 00:19:18    19/1000    train       70/140         2.0%      1.00E-03    3.84198 252.35396   3.86722
 00:19:22    19/1000    train       80/140         2.0%      1.00E-03    3.36891 253.46866   3.39426
 00:19:23    19/1000     val        11/19          2.0%      1.00E-03    4.21011 261.65518   4.23627
 00:19:27    19/1000    train       90/140         2.0%      1.00E-03    3.93443 247.34554   3.95916
 00:19:30    19/1000     val        13/19          2.0%      1.00E-03    3.62032 253.99159   3.64572
 00:19:31    19/1000    train      100/140         2.0%      1.00E-03    4.41838 252.22681   4.44360
 00:19:34    19/1000    train      110/140         2.0%      1.00E-03    5.08646 252.65271   5.11173
 00:19:35    19/1000     val        15/19          2.0%      1.00E-03    4.09436 272.54575   4.12161
 00:19:39    19/1000    train      120/140         2.0%      1.00E-03    4.98539 254.09135   5.01080
 00:19:42    19/1000     val        17/19          2.0%      1.00E-03    3.66388 246.22820   3.68850
 00:19:43    19/1000    train      130/140         2.0%      1.00E-03    4.07110 256.83044   4.09679
training run exp-model_v3-fcupconv-emd-vae-1e-4
     Time    Epoch     Dataset    Iteration    Progress(%)       LR    ReconLoss    KLDivLoss   TotalLoss
 00:19:47    20/1000    train        0/140         2.0%      1.00E-03    3.84768 252.74657   3.87296
 00:19:49    20/1000     val         0/19          2.0%      1.00E-03    4.15405 258.82776   4.17993
Visualizing ...
Generating html visualization ...
DONE
 00:20:02    20/1000    train       10/140         2.0%      1.00E-03    4.21599 250.93303   4.24108
 00:20:04    20/1000     val         2/19          2.0%      1.00E-03    4.21762 250.42871   4.24267
 00:20:05    20/1000    train       20/140         2.0%      1.00E-03    3.88915 257.85284   3.91493
 00:20:10    20/1000     val         4/19          2.0%      1.00E-03    4.24058 258.93234   4.26647
 00:20:10    20/1000    train       30/140         2.0%      1.00E-03    3.80220 257.26691   3.82793
 00:20:13    20/1000    train       40/140         2.0%      1.00E-03    4.06278 256.74490   4.08845
 00:20:16    20/1000     val         6/19          2.0%      1.00E-03    3.58418 281.82690   3.61236
 00:20:17    20/1000    train       50/140         2.0%      1.00E-03    4.15441 259.55917   4.18037
 00:20:21    20/1000     val         8/19          2.0%      1.00E-03    3.94926 293.94452   3.97866
 00:20:22    20/1000    train       60/140         2.0%      1.00E-03    3.87313 252.83661   3.89841
 00:20:25    20/1000    train       70/140         2.1%      1.00E-03    5.13263 255.31427   5.15816
 00:20:28    20/1000     val        10/19          2.1%      1.00E-03    3.74946 244.26495   3.77389
 00:20:29    20/1000    train       80/140         2.1%      1.00E-03    3.72877 258.17242   3.75459
 00:20:34    20/1000     val        12/19          2.1%      1.00E-03    4.50322 286.93274   4.53191
 00:20:34    20/1000    train       90/140         2.1%      1.00E-03    3.62894 257.10538   3.65465
 00:20:37    20/1000    train      100/140         2.1%      1.00E-03    4.71898 260.75403   4.74505
 00:20:39    20/1000     val        14/19          2.1%      1.00E-03    3.95026 247.82300   3.97505
 00:20:41    20/1000    train      110/140         2.1%      1.00E-03    4.27161 262.03983   4.29782
 00:20:45    20/1000     val        16/19          2.1%      1.00E-03    4.39836 287.66980   4.42713
 00:20:46    20/1000    train      120/140         2.1%      1.00E-03    4.66485 258.38800   4.69069
 00:20:50    20/1000    train      130/140         2.1%      1.00E-03    4.02138 259.03973   4.04728
 00:20:51    20/1000     val        18/19          2.1%      1.00E-03    4.06988 227.99078   4.09267
training run exp-model_v3-fcupconv-emd-vae-1e-4
     Time    Epoch     Dataset    Iteration    Progress(%)       LR    ReconLoss    KLDivLoss   TotalLoss
 00:20:55    21/1000    train        0/140         2.1%      1.00E-03    3.75760 260.29492   3.78363
 00:20:59    21/1000     val         1/19          2.1%      1.00E-03    3.95236 252.77148   3.97764
 00:21:00    21/1000    train       10/140         2.1%      1.00E-03    4.31322 260.28754   4.33925
 00:21:03    21/1000    train       20/140         2.1%      1.00E-03    3.76194 264.55676   3.78840
 00:21:05    21/1000     val         3/19          2.1%      1.00E-03    3.83878 263.45358   3.86513
 00:21:08    21/1000    train       30/140         2.1%      1.00E-03    4.07766 263.90491   4.10405
 00:21:11    21/1000     val         5/19          2.1%      1.00E-03    4.06420 251.25961   4.08933
 00:21:12    21/1000    train       40/140         2.1%      1.00E-03    3.96929 264.54599   3.99574
 00:21:15    21/1000    train       50/140         2.1%      1.00E-03    3.42200 259.74554   3.44797
 00:21:17    21/1000     val         7/19          2.1%      1.00E-03    4.41180 256.08646   4.43741
 00:21:20    21/1000    train       60/140         2.1%      1.00E-03    3.75501 263.26035   3.78133
 00:21:23    21/1000     val         9/19          2.2%      1.00E-03    3.79869 283.41528   3.82704
 00:21:24    21/1000    train       70/140         2.2%      1.00E-03    3.75874 264.74387   3.78521
 00:21:27    21/1000    train       80/140         2.2%      1.00E-03    3.79854 267.20203   3.82526
 00:21:29    21/1000     val        11/19          2.2%      1.00E-03    4.31788 287.04980   4.34659
 00:21:32    21/1000    train       90/140         2.2%      1.00E-03    3.61842 264.99384   3.64492
 00:21:34    21/1000     val        13/19          2.2%      1.00E-03    4.02751 305.29279   4.05804
 00:21:35    21/1000    train      100/140         2.2%      1.00E-03    4.01589 265.21539   4.04241
 00:21:39    21/1000    train      110/140         2.2%      1.00E-03    3.92845 267.58130   3.95521
 00:21:41    21/1000     val        15/19          2.2%      1.00E-03    4.48779 282.35446   4.51603
 00:21:44    21/1000    train      120/140         2.2%      1.00E-03    4.33770 263.48068   4.36405
 00:21:46    21/1000     val        17/19          2.2%      1.00E-03    3.93980 241.98267   3.96400
 00:21:48    21/1000    train      130/140         2.2%      1.00E-03    3.73756 264.42343   3.76400
training run exp-model_v3-fcupconv-emd-vae-1e-4
     Time    Epoch     Dataset    Iteration    Progress(%)       LR    ReconLoss    KLDivLoss   TotalLoss
 00:21:53    22/1000    train        0/140         2.2%      1.00E-03    4.27065 269.17053   4.29757
 00:21:54    22/1000     val         0/19          2.2%      1.00E-03    3.59480 281.63580   3.62296
 00:21:58    22/1000    train       10/140         2.2%      1.00E-03    4.16510 263.95413   4.19150
 00:22:00    22/1000     val         2/19          2.2%      1.00E-03    3.88915 307.30911   3.91988
 00:22:01    22/1000    train       20/140         2.2%      1.00E-03    3.54238 267.28253   3.56911
 00:22:06    22/1000     val         4/19          2.2%      1.00E-03    3.70104 283.27795   3.72937
 00:22:06    22/1000    train       30/140         2.2%      1.00E-03    3.65021 267.99161   3.67701
 00:22:09    22/1000    train       40/140         2.2%      1.00E-03    3.47439 271.08929   3.50150
 00:22:12    22/1000     val         6/19          2.2%      1.00E-03    3.30103 249.67493   3.32600
 00:22:13    22/1000    train       50/140         2.2%      1.00E-03    4.24048 271.79630   4.26766
 00:22:18    22/1000     val         8/19          2.2%      1.00E-03    4.12861 266.58319   4.15527
 00:22:18    22/1000    train       60/140         2.2%      1.00E-03    3.51584 269.55496   3.54280
 00:22:22    22/1000    train       70/140         2.3%      1.00E-03    3.62199 266.45792   3.64863
 00:22:24    22/1000     val        10/19          2.3%      1.00E-03    3.86780 257.90582   3.89359
 00:22:25    22/1000    train       80/140         2.3%      1.00E-03    3.21534 265.66742   3.24191
 00:22:29    22/1000     val        12/19          2.3%      1.00E-03    4.43618 288.60065   4.46504
 00:22:30    22/1000    train       90/140         2.3%      1.00E-03    3.82992 267.81879   3.85670
 00:22:33    22/1000    train      100/140         2.3%      1.00E-03    3.68567 269.30780   3.71260
 00:22:35    22/1000     val        14/19          2.3%      1.00E-03    4.07861 269.81500   4.10559
 00:22:37    22/1000    train      110/140         2.3%      1.00E-03    4.03131 272.25079   4.05854
 00:22:41    22/1000     val        16/19          2.3%      1.00E-03    4.00823 277.89902   4.03602
 00:22:42    22/1000    train      120/140         2.3%      1.00E-03    4.24759 270.61334   4.27465
 00:22:46    22/1000    train      130/140         2.3%      1.00E-03    3.55734 270.22122   3.58436
 00:22:47    22/1000     val        18/19          2.3%      1.00E-03    3.80213 268.03015   3.82893
training run exp-model_v3-fcupconv-emd-vae-1e-4
     Time    Epoch     Dataset    Iteration    Progress(%)       LR    ReconLoss    KLDivLoss   TotalLoss
 00:22:50    23/1000    train        0/140         2.3%      1.00E-03    4.57216 270.91150   4.59925
 00:22:54    23/1000     val         1/19          2.3%      1.00E-03    4.34218 285.37390   4.37072
 00:22:55    23/1000    train       10/140         2.3%      1.00E-03    4.62481 272.67282   4.65208
 00:22:59    23/1000    train       20/140         2.3%      1.00E-03    3.81845 270.91159   3.84554
 00:23:00    23/1000     val         3/19          2.3%      1.00E-03    4.12553 292.14508   4.15475
 00:23:03    23/1000    train       30/140         2.3%      1.00E-03    3.58402 274.02814   3.61142
 00:23:06    23/1000     val         5/19          2.3%      1.00E-03    4.13779 269.46210   4.16473
 00:23:07    23/1000    train       40/140         2.3%      1.00E-03    3.92316 269.84280   3.95015
 00:23:11    23/1000    train       50/140         2.3%      1.00E-03    3.47336 275.44006   3.50090
 00:23:12    23/1000     val         7/19          2.3%      1.00E-03    4.54266 279.76480   4.57064
 00:23:15    23/1000    train       60/140         2.3%      1.00E-03    3.41774 274.34753   3.44517
 00:23:18    23/1000     val         9/19          2.4%      1.00E-03    3.63574 285.00983   3.66424
 00:23:19    23/1000    train       70/140         2.4%      1.00E-03    3.88407 273.56042   3.91142
 00:23:23    23/1000    train       80/140         2.4%      1.00E-03    3.81404 278.34052   3.84187
 00:23:24    23/1000     val        11/19          2.4%      1.00E-03    4.08701 282.17612   4.11523
 00:23:27    23/1000    train       90/140         2.4%      1.00E-03    3.73572 277.27496   3.76345
 00:23:30    23/1000     val        13/19          2.4%      1.00E-03    3.59871 312.09570   3.62992
 00:23:31    23/1000    train      100/140         2.4%      1.00E-03    3.83222 277.35190   3.85996
 00:23:35    23/1000    train      110/140         2.4%      1.00E-03    3.58307 278.42419   3.61091
 00:23:36    23/1000     val        15/19          2.4%      1.00E-03    3.70821 267.14182   3.73492
 00:23:40    23/1000    train      120/140         2.4%      1.00E-03    3.59342 271.01163   3.62052
 00:23:42    23/1000     val        17/19          2.4%      1.00E-03    3.41461 268.24310   3.44143
 00:23:43    23/1000    train      130/140         2.4%      1.00E-03    3.84989 278.92194   3.87778
training run exp-model_v3-fcupconv-emd-vae-1e-4
     Time    Epoch     Dataset    Iteration    Progress(%)       LR    ReconLoss    KLDivLoss   TotalLoss
 00:23:49    24/1000    train        0/140         2.4%      1.00E-03    3.82229 277.28519   3.85002
 00:23:50    24/1000     val         0/19          2.4%      1.00E-03    3.74383 283.11664   3.77214
 00:23:53    24/1000    train       10/140         2.4%      1.00E-03    3.58467 277.64853   3.61244
 00:23:55    24/1000     val         2/19          2.4%      1.00E-03    3.55657 291.47522   3.58572
 00:23:57    24/1000    train       20/140         2.4%      1.00E-03    4.08506 279.45972   4.11300
 00:24:01    24/1000     val         4/19          2.4%      1.00E-03    3.73107 293.86688   3.76046
 00:24:02    24/1000    train       30/140         2.4%      1.00E-03    3.67859 278.08380   3.70640
 00:24:05    24/1000    train       40/140         2.4%      1.00E-03    3.49186 278.78137   3.51974
 00:24:08    24/1000     val         6/19          2.4%      1.00E-03    3.61625 239.12825   3.64016
 00:24:09    24/1000    train       50/140         2.4%      1.00E-03    3.37972 278.14987   3.40753
 00:24:13    24/1000     val         8/19          2.4%      1.00E-03    4.12493 291.24304   4.15405
 00:24:13    24/1000    train       60/140         2.4%      1.00E-03    4.09723 277.96539   4.12503
 00:24:17    24/1000    train       70/140         2.5%      1.00E-03    3.97805 276.92316   4.00574
 00:24:19    24/1000     val        10/19          2.5%      1.00E-03    3.71518 297.21771   3.74490
 00:24:21    24/1000    train       80/140         2.5%      1.00E-03    3.50941 280.32874   3.53744
 00:24:25    24/1000     val        12/19          2.5%      1.00E-03    4.44086 317.59976   4.47262
 00:24:25    24/1000    train       90/140         2.5%      1.00E-03    3.05910 279.28754   3.08703
 00:24:29    24/1000    train      100/140         2.5%      1.00E-03    4.52314 276.48480   4.55079
 00:24:31    24/1000     val        14/19          2.5%      1.00E-03    3.77713 302.54456   3.80739
 00:24:33    24/1000    train      110/140         2.5%      1.00E-03    3.46373 282.21579   3.49195
 00:24:37    24/1000     val        16/19          2.5%      1.00E-03    3.73835 295.26157   3.76787
 00:24:38    24/1000    train      120/140         2.5%      1.00E-03    4.01279 279.69232   4.04075
 00:24:41    24/1000    train      130/140         2.5%      1.00E-03    4.19530 280.73947   4.22337
 00:24:43    24/1000     val        18/19          2.5%      1.00E-03    4.03421 270.66501   4.06127
training run exp-model_v3-fcupconv-emd-vae-1e-4
     Time    Epoch     Dataset    Iteration    Progress(%)       LR    ReconLoss    KLDivLoss   TotalLoss
 00:24:47    25/1000    train        0/140         2.5%      1.00E-03    4.28568 280.76624   4.31376
 00:24:51    25/1000     val         1/19          2.5%      1.00E-03    3.74417 323.95007   3.77657
 00:24:51    25/1000    train       10/140         2.5%      1.00E-03    3.68013 282.09436   3.70834
 00:24:55    25/1000    train       20/140         2.5%      1.00E-03    3.80651 280.53186   3.83456
 00:24:57    25/1000     val         3/19          2.5%      1.00E-03    4.11934 273.48218   4.14669
 00:25:00    25/1000    train       30/140         2.5%      1.00E-03    3.44682 281.14462   3.47493
 00:25:03    25/1000     val         5/19          2.5%      1.00E-03    4.11275 271.07962   4.13985
 00:25:04    25/1000    train       40/140         2.5%      1.00E-03    3.92693 280.89392   3.95502
 00:25:07    25/1000    train       50/140         2.5%      1.00E-03    4.25009 281.28546   4.27822
 00:25:09    25/1000     val         7/19          2.5%      1.00E-03    3.74734 285.87592   3.77593
 00:25:13    25/1000    train       60/140         2.5%      1.00E-03    4.47109 283.27072   4.49941
 00:25:15    25/1000     val         9/19          2.6%      1.00E-03    3.71158 268.78424   3.73846
 00:25:16    25/1000    train       70/140         2.6%      1.00E-03    3.62316 281.13010   3.65127
 00:25:20    25/1000    train       80/140         2.6%      1.00E-03    3.67426 281.57233   3.70242
 00:25:21    25/1000     val        11/19          2.6%      1.00E-03    4.48555 302.04169   4.51576
 00:25:25    25/1000    train       90/140         2.6%      1.00E-03    3.78016 286.57086   3.80882
 00:25:27    25/1000     val        13/19          2.6%      1.00E-03    3.86089 294.20242   3.89031
 00:25:29    25/1000    train      100/140         2.6%      1.00E-03    3.57066 280.99777   3.59876
 00:25:32    25/1000    train      110/140         2.6%      1.00E-03    3.65750 284.67822   3.68597
 00:25:33    25/1000     val        15/19          2.6%      1.00E-03    4.19293 310.02399   4.22393
 00:25:37    25/1000    train      120/140         2.6%      1.00E-03    3.96002 282.36972   3.98826
 00:25:40    25/1000     val        17/19          2.6%      1.00E-03    3.40978 278.80560   3.43766
 00:25:41    25/1000    train      130/140         2.6%      1.00E-03    3.87644 283.69299   3.90480
training run exp-model_v3-fcupconv-emd-vae-1e-4
     Time    Epoch     Dataset    Iteration    Progress(%)       LR    ReconLoss    KLDivLoss   TotalLoss
 00:25:45    26/1000    train        0/140         2.6%      1.00E-03    3.45150 283.68991   3.47987
 00:25:47    26/1000     val         0/19          2.6%      1.00E-03    4.38616 315.45007   4.41771
 00:25:51    26/1000    train       10/140         2.6%      1.00E-03    3.90149 286.42810   3.93014
 00:25:53    26/1000     val         2/19          2.6%      1.00E-03    4.61609 301.19171   4.64621
 00:25:55    26/1000    train       20/140         2.6%      1.00E-03    3.28598 286.50488   3.31463
 00:25:59    26/1000     val         4/19          2.6%      1.00E-03    4.03705 297.42999   4.06679
 00:26:00    26/1000    train       30/140         2.6%      1.00E-03    4.13643 285.05054   4.16493
 00:26:03    26/1000    train       40/140         2.6%      1.00E-03    4.07687 288.46600   4.10572
 00:26:06    26/1000     val         6/19          2.6%      1.00E-03    3.72125 269.64514   3.74821
 00:26:07    26/1000    train       50/140         2.6%      1.00E-03    3.72427 289.68973   3.75324
 00:26:12    26/1000     val         8/19          2.6%      1.00E-03    3.92624 297.71533   3.95601
 00:26:12    26/1000    train       60/140         2.6%      1.00E-03    3.40871 287.04102   3.43742
 00:26:16    26/1000    train       70/140         2.7%      1.00E-03    3.73723 290.01929   3.76623
 00:26:18    26/1000     val        10/19          2.7%      1.00E-03    3.89345 286.93558   3.92215
 00:26:20    26/1000    train       80/140         2.7%      1.00E-03    3.99318 288.72803   4.02205
 00:26:24    26/1000     val        12/19          2.7%      1.00E-03    4.59436 300.44873   4.62440
 00:26:25    26/1000    train       90/140         2.7%      1.00E-03    4.31182 289.41577   4.34076
 00:26:28    26/1000    train      100/140         2.7%      1.00E-03    3.21387 287.20523   3.24259
 00:26:30    26/1000     val        14/19          2.7%      1.00E-03    4.10465 275.57382   4.13221
 00:26:32    26/1000    train      110/140         2.7%      1.00E-03    3.82626 292.23929   3.85548
 00:26:36    26/1000     val        16/19          2.7%      1.00E-03    4.04876 324.56146   4.08121
 00:26:36    26/1000    train      120/140         2.7%      1.00E-03    3.85552 288.26141   3.88434
 00:26:40    26/1000    train      130/140         2.7%      1.00E-03    4.20846 286.17542   4.23708
 00:26:42    26/1000     val        18/19          2.7%      1.00E-03    4.06321 281.61609   4.09137
training run exp-model_v3-fcupconv-emd-vae-1e-4
     Time    Epoch     Dataset    Iteration    Progress(%)       LR    ReconLoss    KLDivLoss   TotalLoss
 00:26:45    27/1000    train        0/140         2.7%      1.00E-03    4.11776 293.45105   4.14711
 00:26:50    27/1000     val         1/19          2.7%      1.00E-03    3.90038 290.10175   3.92939
 00:26:50    27/1000    train       10/140         2.7%      1.00E-03    4.24527 291.14194   4.27438
 00:26:54    27/1000    train       20/140         2.7%      1.00E-03    4.45796 290.20294   4.48698
 00:26:56    27/1000     val         3/19          2.7%      1.00E-03    3.82700 297.00421   3.85670
 00:26:59    27/1000    train       30/140         2.7%      1.00E-03    3.54822 290.59802   3.57728
 00:27:02    27/1000     val         5/19          2.7%      1.00E-03    3.33865 298.40366   3.36849
 00:27:03    27/1000    train       40/140         2.7%      1.00E-03    3.34906 291.37903   3.37820
 00:27:06    27/1000    train       50/140         2.7%      1.00E-03    3.72577 295.47421   3.75532
 00:27:08    27/1000     val         7/19          2.7%      1.00E-03    3.69565 301.14529   3.72576
 00:27:11    27/1000    train       60/140         2.7%      1.00E-03    4.17629 292.31665   4.20553
 00:27:14    27/1000     val         9/19          2.8%      1.00E-03    3.56311 279.79407   3.59109
 00:27:15    27/1000    train       70/140         2.8%      1.00E-03    3.89169 294.65067   3.92116
 00:27:18    27/1000    train       80/140         2.8%      1.00E-03    3.68889 291.95685   3.71808
 00:27:20    27/1000     val        11/19          2.8%      1.00E-03    4.52119 269.14685   4.54811
 00:27:23    27/1000    train       90/140         2.8%      1.00E-03    4.19116 288.20703   4.21998
 00:27:26    27/1000     val        13/19          2.8%      1.00E-03    3.64301 300.46234   3.67306
 00:27:27    27/1000    train      100/140         2.8%      1.00E-03    3.53869 293.61075   3.56805
 00:27:31    27/1000    train      110/140         2.8%      1.00E-03    3.88243 299.03149   3.91234
 00:27:32    27/1000     val        15/19          2.8%      1.00E-03    3.72693 304.82159   3.75741
 00:27:36    27/1000    train      120/140         2.8%      1.00E-03    3.29544 295.52039   3.32499
 00:27:38    27/1000     val        17/19          2.8%      1.00E-03    3.75575 291.50992   3.78490
 00:27:40    27/1000    train      130/140         2.8%      1.00E-03    4.13474 293.94598   4.16413
training run exp-model_v3-fcupconv-emd-vae-1e-4
     Time    Epoch     Dataset    Iteration    Progress(%)       LR    ReconLoss    KLDivLoss   TotalLoss
 00:27:45    28/1000    train        0/140         2.8%      1.00E-03    3.18435 294.95343   3.21385
 00:27:46    28/1000     val         0/19          2.8%      1.00E-03    3.76868 268.96387   3.79558
 00:27:50    28/1000    train       10/140         2.8%      1.00E-03    3.48948 294.43076   3.51892
 00:27:52    28/1000     val         2/19          2.8%      1.00E-03    3.97676 295.25388   4.00629
 00:27:54    28/1000    train       20/140         2.8%      1.00E-03    3.68207 295.04568   3.71158
 00:27:58    28/1000     val         4/19          2.8%      1.00E-03    3.82395 325.34766   3.85648
 00:27:58    28/1000    train       30/140         2.8%      1.00E-03    3.67238 295.92712   3.70197
 00:28:02    28/1000    train       40/140         2.8%      1.00E-03    3.53547 297.38464   3.56521
 00:28:04    28/1000     val         6/19          2.8%      1.00E-03    4.15608 300.34052   4.18612
 00:28:06    28/1000    train       50/140         2.8%      1.00E-03    3.61283 292.43274   3.64208
 00:28:10    28/1000     val         8/19          2.8%      1.00E-03    4.01025 321.53595   4.04241
 00:28:11    28/1000    train       60/140         2.8%      1.00E-03    3.49246 291.21628   3.52158
 00:28:14    28/1000    train       70/140         2.9%      1.00E-03    3.28015 293.04633   3.30945
 00:28:16    28/1000     val        10/19          2.9%      1.00E-03    3.70912 324.18481   3.74154
 00:28:18    28/1000    train       80/140         2.9%      1.00E-03    2.69622 299.30685   2.72615
 00:28:22    28/1000     val        12/19          2.9%      1.00E-03    4.18013 311.64160   4.21130
 00:28:23    28/1000    train       90/140         2.9%      1.00E-03    3.53395 296.05197   3.56356
 00:28:26    28/1000    train      100/140         2.9%      1.00E-03    3.17722 293.61142   3.20658
 00:28:28    28/1000     val        14/19          2.9%      1.00E-03    3.80882 307.39957   3.83956
 00:28:30    28/1000    train      110/140         2.9%      1.00E-03    3.69595 293.72519   3.72532
 00:28:34    28/1000     val        16/19          2.9%      1.00E-03    4.11946 281.22482   4.14759
 00:28:34    28/1000    train      120/140         2.9%      1.00E-03    3.73924 294.88104   3.76873
 00:28:38    28/1000    train      130/140         2.9%      1.00E-03    3.76835 294.68549   3.79782
 00:28:40    28/1000     val        18/19          2.9%      1.00E-03    4.00923 277.50507   4.03698
training run exp-model_v3-fcupconv-emd-vae-1e-4
     Time    Epoch     Dataset    Iteration    Progress(%)       LR    ReconLoss    KLDivLoss   TotalLoss
 00:28:43    29/1000    train        0/140         2.9%      1.00E-03    3.56962 295.32452   3.59915
 00:28:47    29/1000     val         1/19          2.9%      1.00E-03    3.36668 319.52539   3.39864
 00:28:48    29/1000    train       10/140         2.9%      1.00E-03    3.15564 293.01550   3.18494
 00:28:52    29/1000    train       20/140         2.9%      1.00E-03    3.51070 299.53348   3.54065
 00:28:53    29/1000     val         3/19          2.9%      1.00E-03    3.77814 307.61761   3.80890
 00:28:56    29/1000    train       30/140         2.9%      1.00E-03    3.54015 293.38245   3.56949
 00:28:59    29/1000     val         5/19          2.9%      1.00E-03    3.56528 307.84290   3.59607
 00:29:00    29/1000    train       40/140         2.9%      1.00E-03    3.39168 294.41605   3.42112
 00:29:03    29/1000    train       50/140         2.9%      1.00E-03    3.11856 295.16467   3.14808
 00:29:05    29/1000     val         7/19          2.9%      1.00E-03    3.77020 314.24210   3.80162
 00:29:08    29/1000    train       60/140         2.9%      1.00E-03    3.31080 299.08673   3.34071
 00:29:11    29/1000     val         9/19          3.0%      1.00E-03    3.57846 293.12778   3.60777
 00:29:12    29/1000    train       70/140         3.0%      1.00E-03    4.22087 303.10266   4.25118
 00:29:15    29/1000    train       80/140         3.0%      1.00E-03    3.08250 297.69247   3.11226
 00:29:17    29/1000     val        11/19          3.0%      1.00E-03    3.99069 293.43329   4.02003
 00:29:20    29/1000    train       90/140         3.0%      1.00E-03    4.34601 298.48343   4.37586
 00:29:23    29/1000     val        13/19          3.0%      1.00E-03    3.45811 304.32178   3.48854
 00:29:24    29/1000    train      100/140         3.0%      1.00E-03    3.45140 296.97748   3.48110
 00:29:28    29/1000    train      110/140         3.0%      1.00E-03    3.86798 304.02850   3.89839
 00:29:29    29/1000     val        15/19          3.0%      1.00E-03    3.78093 301.05725   3.81103
 00:29:33    29/1000    train      120/140         3.0%      1.00E-03    3.69154 301.48627   3.72169
 00:29:35    29/1000     val        17/19          3.0%      1.00E-03    3.36329 335.00046   3.39679
 00:29:36    29/1000    train      130/140         3.0%      1.00E-03    3.64462 305.24042   3.67514
training run exp-model_v3-fcupconv-emd-vae-1e-4
     Time    Epoch     Dataset    Iteration    Progress(%)       LR    ReconLoss    KLDivLoss   TotalLoss
 00:29:41    30/1000    train        0/140         3.0%      1.00E-03    3.33829 303.81509   3.36867
 00:29:43    30/1000     val         0/19          3.0%      1.00E-03    3.60804 327.92822   3.64083
Visualizing ...
Generating html visualization ...
DONE
 00:29:55    30/1000    train       10/140         3.0%      1.00E-03    3.71957 306.32446   3.75020
 00:29:57    30/1000     val         2/19          3.0%      1.00E-03    3.84276 319.52707   3.87472
 00:29:59    30/1000    train       20/140         3.0%      1.00E-03    3.60919 298.64331   3.63905
 00:30:03    30/1000     val         4/19          3.0%      1.00E-03    4.31996 299.48877   4.34991
 00:30:03    30/1000    train       30/140         3.0%      1.00E-03    4.02639 297.65738   4.05615
 00:30:07    30/1000    train       40/140         3.0%      1.00E-03    3.42863 296.44583   3.45828
 00:30:09    30/1000     val         6/19          3.0%      1.00E-03    3.78094 267.16833   3.80765
 00:30:11    30/1000    train       50/140         3.0%      1.00E-03    3.41059 299.97299   3.44058
 00:30:15    30/1000     val         8/19          3.0%      1.00E-03    4.14738 320.03455   4.17938
 00:30:15    30/1000    train       60/140         3.0%      1.00E-03    3.91571 301.81879   3.94589
 00:30:19    30/1000    train       70/140         3.1%      1.00E-03    3.13513 299.33594   3.16506
 00:30:21    30/1000     val        10/19          3.1%      1.00E-03    3.92587 288.08740   3.95468
 00:30:23    30/1000    train       80/140         3.1%      1.00E-03    3.14222 298.98767   3.17212
 00:30:27    30/1000     val        12/19          3.1%      1.00E-03    4.42678 344.36258   4.46122
 00:30:28    30/1000    train       90/140         3.1%      1.00E-03    3.28271 303.21750   3.31303
 00:30:31    30/1000    train      100/140         3.1%      1.00E-03    4.16916 302.02847   4.19936
 00:30:33    30/1000     val        14/19          3.1%      1.00E-03    3.83457 335.62640   3.86813
 00:30:35    30/1000    train      110/140         3.1%      1.00E-03    3.57832 298.46454   3.60816
 00:30:39    30/1000     val        16/19          3.1%      1.00E-03    4.27005 310.44635   4.30110
 00:30:40    30/1000    train      120/140         3.1%      1.00E-03    3.34462 302.80090   3.37490
 00:30:43    30/1000    train      130/140         3.1%      1.00E-03    3.55088 310.24689   3.58190
 00:30:45    30/1000     val        18/19          3.1%      1.00E-03    4.00781 270.82465   4.03489
training run exp-model_v3-fcupconv-emd-vae-1e-4
     Time    Epoch     Dataset    Iteration    Progress(%)       LR    ReconLoss    KLDivLoss   TotalLoss
 00:30:48    31/1000    train        0/140         3.1%      1.00E-03    3.05141 301.60696   3.08157
 00:30:53    31/1000     val         1/19          3.1%      1.00E-03    3.51402 297.18591   3.54373
 00:30:53    31/1000    train       10/140         3.1%      1.00E-03    3.82459 301.53256   3.85474
 00:30:57    31/1000    train       20/140         3.1%      1.00E-03    3.44934 300.72473   3.47941
 00:30:59    31/1000     val         3/19          3.1%      1.00E-03    4.36924 317.26569   4.40097
 00:31:02    31/1000    train       30/140         3.1%      1.00E-03    3.32302 303.04987   3.35333
 00:31:05    31/1000     val         5/19          3.1%      1.00E-03    4.07586 293.49347   4.10521
 00:31:05    31/1000    train       40/140         3.1%      1.00E-03    4.10656 307.44110   4.13731
 00:31:09    31/1000    train       50/140         3.1%      1.00E-03    3.36169 302.02258   3.39189
 00:31:10    31/1000     val         7/19          3.1%      1.00E-03    3.99611 314.49805   4.02756
 00:31:14    31/1000    train       60/140         3.1%      1.00E-03    3.70441 301.11603   3.73452
 00:31:17    31/1000     val         9/19          3.2%      1.00E-03    3.65406 311.89981   3.68525
 00:31:18    31/1000    train       70/140         3.2%      1.00E-03    3.58781 303.01056   3.61811
 00:31:21    31/1000    train       80/140         3.2%      1.00E-03    3.35616 309.02695   3.38707
 00:31:23    31/1000     val        11/19          3.2%      1.00E-03    4.14463 301.98026   4.17483
 00:31:26    31/1000    train       90/140         3.2%      1.00E-03    3.88950 301.72839   3.91967
 00:31:29    31/1000     val        13/19          3.2%      1.00E-03    3.62163 327.89160   3.65442
 00:31:30    31/1000    train      100/140         3.2%      1.00E-03    3.84953 307.99756   3.88033
 00:31:34    31/1000    train      110/140         3.2%      1.00E-03    3.33268 300.61096   3.36274
 00:31:35    31/1000     val        15/19          3.2%      1.00E-03    3.18127 328.49033   3.21412
 00:31:39    31/1000    train      120/140         3.2%      1.00E-03    4.14893 306.81128   4.17962
 00:31:41    31/1000     val        17/19          3.2%      1.00E-03    3.20774 306.84949   3.23842
 00:31:42    31/1000    train      130/140         3.2%      1.00E-03    3.69980 305.72641   3.73037
training run exp-model_v3-fcupconv-emd-vae-1e-4
     Time    Epoch     Dataset    Iteration    Progress(%)       LR    ReconLoss    KLDivLoss   TotalLoss
 00:31:47    32/1000    train        0/140         3.2%      1.00E-03    3.46181 303.91010   3.49220
 00:31:49    32/1000     val         0/19          3.2%      1.00E-03    3.90733 284.68884   3.93580
 00:31:52    32/1000    train       10/140         3.2%      1.00E-03    3.90162 306.43253   3.93226
 00:31:54    32/1000     val         2/19          3.2%      1.00E-03    3.73199 329.18085   3.76491
 00:31:56    32/1000    train       20/140         3.2%      1.00E-03    3.62991 310.32840   3.66094
 00:32:01    32/1000     val         4/19          3.2%      1.00E-03    3.52851 310.11041   3.55952
 00:32:01    32/1000    train       30/140         3.2%      1.00E-03    3.65110 300.03592   3.68111
 00:32:04    32/1000    train       40/140         3.2%      1.00E-03    3.34750 304.50906   3.37795
 00:32:06    32/1000     val         6/19          3.2%      1.00E-03    3.51601 290.40256   3.54505
 00:32:08    32/1000    train       50/140         3.2%      1.00E-03    4.04429 308.60550   4.07515
 00:32:12    32/1000     val         8/19          3.2%      1.00E-03    3.79232 318.59729   3.82418
 00:32:13    32/1000    train       60/140         3.2%      1.00E-03    3.72222 310.75497   3.75329
 00:32:16    32/1000    train       70/140         3.3%      1.00E-03    4.03472 307.55225   4.06547
 00:32:19    32/1000     val        10/19          3.3%      1.00E-03    3.46445 303.39288   3.49479
 00:32:20    32/1000    train       80/140         3.3%      1.00E-03    3.86222 305.20636   3.89275
 00:32:24    32/1000     val        12/19          3.3%      1.00E-03    4.22279 322.78040   4.25507
 00:32:25    32/1000    train       90/140         3.3%      1.00E-03    3.89866 304.91913   3.92915
 00:32:28    32/1000    train      100/140         3.3%      1.00E-03    3.48341 307.51971   3.51416
 00:32:30    32/1000     val        14/19          3.3%      1.00E-03    4.02493 332.70831   4.05820
 00:32:32    32/1000    train      110/140         3.3%      1.00E-03    3.59225 306.06146   3.62286
 00:32:36    32/1000     val        16/19          3.3%      1.00E-03    4.83736 354.13425   4.87277
 00:32:37    32/1000    train      120/140         3.3%      1.00E-03    3.76052 301.37543   3.79066
 00:32:40    32/1000    train      130/140         3.3%      1.00E-03    3.72157 309.21597   3.75249
 00:32:42    32/1000     val        18/19          3.3%      1.00E-03    4.15570 291.04944   4.18481
training run exp-model_v3-fcupconv-emd-vae-1e-4
     Time    Epoch     Dataset    Iteration    Progress(%)       LR    ReconLoss    KLDivLoss   TotalLoss
 00:32:45    33/1000    train        0/140         3.3%      1.00E-03    3.39907 306.88187   3.42976
 00:32:50    33/1000     val         1/19          3.3%      1.00E-03    3.79025 325.85443   3.82284
 00:32:50    33/1000    train       10/140         3.3%      1.00E-03    3.68465 307.52069   3.71540
 00:32:54    33/1000    train       20/140         3.3%      1.00E-03    3.12168 311.10297   3.15279
 00:32:56    33/1000     val         3/19          3.3%      1.00E-03    4.46218 294.52319   4.49163
 00:32:59    33/1000    train       30/140         3.3%      1.00E-03    2.99559 307.31491   3.02633
 00:33:01    33/1000     val         5/19          3.3%      1.00E-03    4.03681 285.07321   4.06531
 00:33:02    33/1000    train       40/140         3.3%      1.00E-03    4.29059 308.51831   4.32144
 00:33:06    33/1000    train       50/140         3.3%      1.00E-03    3.83399 312.56430   3.86525
 00:33:08    33/1000     val         7/19          3.3%      1.00E-03    4.38975 377.53430   4.42750
 00:33:11    33/1000    train       60/140         3.3%      1.00E-03    3.61722 306.17490   3.64784
 00:33:13    33/1000     val         9/19          3.4%      1.00E-03    4.16150 311.33240   4.19264
 00:33:14    33/1000    train       70/140         3.4%      1.00E-03    3.38484 306.48389   3.41549
 00:33:18    33/1000    train       80/140         3.4%      1.00E-03    3.11261 304.51221   3.14307
 00:33:19    33/1000     val        11/19          3.4%      1.00E-03    3.84174 311.47577   3.87288
 00:33:23    33/1000    train       90/140         3.4%      1.00E-03    3.53210 308.39682   3.56294
 00:33:26    33/1000     val        13/19          3.4%      1.00E-03    3.64236 315.70007   3.67393
 00:33:27    33/1000    train      100/140         3.4%      1.00E-03    3.71972 308.95966   3.75062
 00:33:31    33/1000    train      110/140         3.4%      1.00E-03    3.29832 308.80057   3.32920
 00:33:32    33/1000     val        15/19          3.4%      1.00E-03    3.92387 321.98181   3.95607
 00:33:36    33/1000    train      120/140         3.4%      1.00E-03    3.76202 308.97278   3.79292
 00:33:38    33/1000     val        17/19          3.4%      1.00E-03    3.48921 319.65717   3.52118
 00:33:40    33/1000    train      130/140         3.4%      1.00E-03    3.25321 308.28424   3.28404
training run exp-model_v3-fcupconv-emd-vae-1e-4
     Time    Epoch     Dataset    Iteration    Progress(%)       LR    ReconLoss    KLDivLoss   TotalLoss
 00:33:44    34/1000    train        0/140         3.4%      1.00E-03    3.79891 312.17493   3.83013
 00:33:46    34/1000     val         0/19          3.4%      1.00E-03    3.48603 322.39133   3.51827
 00:33:50    34/1000    train       10/140         3.4%      1.00E-03    3.24547 309.40775   3.27641
 00:33:52    34/1000     val         2/19          3.4%      1.00E-03    3.79006 319.50732   3.82201
 00:33:54    34/1000    train       20/140         3.4%      1.00E-03    3.33014 310.95062   3.36123
 00:33:58    34/1000     val         4/19          3.4%      1.00E-03    3.42324 306.32224   3.45387
 00:33:58    34/1000    train       30/140         3.4%      1.00E-03    3.71434 310.68164   3.74540
 00:34:02    34/1000    train       40/140         3.4%      1.00E-03    3.54695 309.97772   3.57795
 00:34:04    34/1000     val         6/19          3.4%      1.00E-03    3.70777 285.68420   3.73634
 00:34:06    34/1000    train       50/140         3.4%      1.00E-03    3.32409 306.62909   3.35475
 00:34:10    34/1000     val         8/19          3.4%      1.00E-03    3.77937 341.44037   3.81351
 00:34:11    34/1000    train       60/140         3.4%      1.00E-03    3.28533 311.21832   3.31645
 00:34:14    34/1000    train       70/140         3.5%      1.00E-03    3.63836 309.27713   3.66929
 00:34:16    34/1000     val        10/19          3.5%      1.00E-03    3.92329 331.92950   3.95649
 00:34:18    34/1000    train       80/140         3.5%      1.00E-03    3.60026 315.89563   3.63185
 00:34:22    34/1000     val        12/19          3.5%      1.00E-03    4.31774 315.04437   4.34924
 00:34:23    34/1000    train       90/140         3.5%      1.00E-03    3.71218 308.23068   3.74300
 00:34:26    34/1000    train      100/140         3.5%      1.00E-03    3.62179 306.02374   3.65240
 00:34:28    34/1000     val        14/19          3.5%      1.00E-03    3.99159 354.47925   4.02704
 00:34:30    34/1000    train      110/140         3.5%      1.00E-03    3.88127 311.20654   3.91239
 00:34:34    34/1000     val        16/19          3.5%      1.00E-03    4.19458 327.72458   4.22735
 00:34:35    34/1000    train      120/140         3.5%      1.00E-03    3.64369 306.02338   3.67429
 00:34:38    34/1000    train      130/140         3.5%      1.00E-03    3.80305 307.90506   3.83384
 00:34:40    34/1000     val        18/19          3.5%      1.00E-03    3.79968 303.06372   3.82998
training run exp-model_v3-fcupconv-emd-vae-1e-4
     Time    Epoch     Dataset    Iteration    Progress(%)       LR    ReconLoss    KLDivLoss   TotalLoss
 00:34:44    35/1000    train        0/140         3.5%      1.00E-03    3.23210 304.26996   3.26252
 00:34:48    35/1000     val         1/19          3.5%      1.00E-03    3.47765 309.51855   3.50861
 00:34:49    35/1000    train       10/140         3.5%      1.00E-03    3.32093 306.94812   3.35162
 00:34:52    35/1000    train       20/140         3.5%      1.00E-03    3.82216 310.27426   3.85319
 00:34:54    35/1000     val         3/19          3.5%      1.00E-03    3.58105 306.60272   3.61171
 00:34:57    35/1000    train       30/140         3.5%      1.00E-03    3.09146 306.44928   3.12210
 00:35:00    35/1000     val         5/19          3.5%      1.00E-03    3.81139 338.90735   3.84529
 00:35:01    35/1000    train       40/140         3.5%      1.00E-03    3.72508 305.85693   3.75567
 00:35:04    35/1000    train       50/140         3.5%      1.00E-03    3.21019 309.25342   3.24111
 00:35:06    35/1000     val         7/19          3.5%      1.00E-03    3.66771 304.89932   3.69820
 00:35:09    35/1000    train       60/140         3.5%      1.00E-03    4.78162 307.83661   4.81241
 00:35:12    35/1000     val         9/19          3.6%      1.00E-03    3.61570 281.88626   3.64389
 00:35:13    35/1000    train       70/140         3.6%      1.00E-03    3.47363 308.39413   3.50447
 00:35:17    35/1000    train       80/140         3.6%      1.00E-03    3.48658 309.10547   3.51749
 00:35:18    35/1000     val        11/19          3.6%      1.00E-03    3.75170 308.50922   3.78255
 00:35:22    35/1000    train       90/140         3.6%      1.00E-03    3.76262 304.97559   3.79312
 00:35:24    35/1000     val        13/19          3.6%      1.00E-03    3.54732 313.75592   3.57870
 00:35:25    35/1000    train      100/140         3.6%      9.00E-04    2.96530 308.57501   2.99616
 00:35:29    35/1000    train      110/140         3.6%      9.00E-04    3.31496 307.80115   3.34574
 00:35:31    35/1000     val        15/19          3.6%      9.00E-04    3.36870 314.58899   3.40016
 00:35:34    35/1000    train      120/140         3.6%      9.00E-04    3.89089 309.34720   3.92182
 00:35:37    35/1000     val        17/19          3.6%      9.00E-04    3.25082 295.41272   3.28037
 00:35:38    35/1000    train      130/140         3.6%      9.00E-04    3.27553 304.31494   3.30596
training run exp-model_v3-fcupconv-emd-vae-1e-4
     Time    Epoch     Dataset    Iteration    Progress(%)       LR    ReconLoss    KLDivLoss   TotalLoss
