./train_v1.py --exp_suffix fcupconv-emd-vae-1e-3 --data_dir ../../data/PartNetShapeData-Chair/train --val_data_dir ../../data/PartNetShapeData-Chair/val --num_point 2048 --decoder_type fcupconv --loss_type emd --probabilistic --kldiv_loss_weight 1e-3 --model_version model_v3 --overwrite

Random Seed: 3124256514
Using device: cuda:0

[PartNetPartDataset 4489] data_dir: ../../data/PartNetShapeData-Chair/train, num_point: 2048
[PartNetPartDataset 617] data_dir: ../../data/PartNetShapeData-Chair/val, num_point: 2048
Using FCUpconvDecoder-NoBN!

Network(
  (encoder): PointNet2(
    (SA_modules): ModuleList(
      (0): PointnetSAModule(
        (groupers): ModuleList(
          (0): QueryAndGroup()
        )
        (mlps): ModuleList(
          (0): Sequential(
            (0): Conv2d(6, 64, kernel_size=(1, 1), stride=(1, 1), bias=False)
            (1): BatchNorm2d(64, eps=1e-05, momentum=0.1, affine=True, track_running_stats=True)
            (2): ReLU(inplace=True)
            (3): Conv2d(64, 64, kernel_size=(1, 1), stride=(1, 1), bias=False)
            (4): BatchNorm2d(64, eps=1e-05, momentum=0.1, affine=True, track_running_stats=True)
            (5): ReLU(inplace=True)
            (6): Conv2d(64, 128, kernel_size=(1, 1), stride=(1, 1), bias=False)
            (7): BatchNorm2d(128, eps=1e-05, momentum=0.1, affine=True, track_running_stats=True)
            (8): ReLU(inplace=True)
          )
        )
      )
      (1): PointnetSAModule(
        (groupers): ModuleList(
          (0): QueryAndGroup()
        )
        (mlps): ModuleList(
          (0): Sequential(
            (0): Conv2d(131, 128, kernel_size=(1, 1), stride=(1, 1), bias=False)
            (1): BatchNorm2d(128, eps=1e-05, momentum=0.1, affine=True, track_running_stats=True)
            (2): ReLU(inplace=True)
            (3): Conv2d(128, 128, kernel_size=(1, 1), stride=(1, 1), bias=False)
            (4): BatchNorm2d(128, eps=1e-05, momentum=0.1, affine=True, track_running_stats=True)
            (5): ReLU(inplace=True)
            (6): Conv2d(128, 256, kernel_size=(1, 1), stride=(1, 1), bias=False)
            (7): BatchNorm2d(256, eps=1e-05, momentum=0.1, affine=True, track_running_stats=True)
            (8): ReLU(inplace=True)
          )
        )
      )
      (2): PointnetSAModule(
        (groupers): ModuleList(
          (0): GroupAll()
        )
        (mlps): ModuleList(
          (0): Sequential(
            (0): Conv2d(259, 256, kernel_size=(1, 1), stride=(1, 1), bias=False)
            (1): BatchNorm2d(256, eps=1e-05, momentum=0.1, affine=True, track_running_stats=True)
            (2): ReLU(inplace=True)
            (3): Conv2d(256, 256, kernel_size=(1, 1), stride=(1, 1), bias=False)
            (4): BatchNorm2d(256, eps=1e-05, momentum=0.1, affine=True, track_running_stats=True)
            (5): ReLU(inplace=True)
            (6): Conv2d(256, 256, kernel_size=(1, 1), stride=(1, 1), bias=False)
            (7): BatchNorm2d(256, eps=1e-05, momentum=0.1, affine=True, track_running_stats=True)
            (8): ReLU(inplace=True)
          )
        )
      )
    )
    (fc_layer2): Sequential(
      (0): Linear(in_features=256, out_features=128, bias=True)
      (1): BatchNorm1d(128, eps=1e-05, momentum=0.1, affine=True, track_running_stats=True)
      (2): ReLU(inplace=True)
    )
  )
  (sample_encoder): Sampler(
    (mlp2mu): Linear(in_features=128, out_features=128, bias=True)
    (mlp2var): Linear(in_features=128, out_features=128, bias=True)
  )
  (sample_decoder): SampleDecoder(
    (mlp1): Linear(in_features=128, out_features=128, bias=True)
  )
  (decoder): FCUpconvDecoder(
    (mlp1): Linear(in_features=128, out_features=1024, bias=True)
    (mlp2): Linear(in_features=1024, out_features=1024, bias=True)
    (mlp3): Linear(in_features=1024, out_features=3072, bias=True)
    (deconv1): ConvTranspose2d(128, 1024, kernel_size=(2, 2), stride=(1, 1))
    (deconv2): ConvTranspose2d(1024, 512, kernel_size=(3, 3), stride=(1, 1))
    (deconv3): ConvTranspose2d(512, 256, kernel_size=(4, 4), stride=(2, 2))
    (deconv4): ConvTranspose2d(256, 128, kernel_size=(5, 5), stride=(3, 3))
    (deconv5): ConvTranspose2d(128, 3, kernel_size=(1, 1), stride=(1, 1))
  )
)

training run exp-model_v3-fcupconv-emd-vae-1e-3
     Time    Epoch     Dataset    Iteration    Progress(%)       LR    ReconLoss    KLDivLoss   TotalLoss
 00:00:01     0/1000    train        0/140         0.0%      1.00E-03   37.23615  31.31108  37.26746
Saving checkpoint ...... 
DONE
 00:00:05     0/1000     val         0/19          0.0%      1.00E-03   22.37517   1.01797  22.37619
Visualizing ...
Generating html visualization ...
DONE
 00:00:17     0/1000    train       10/140         0.0%      1.00E-03   31.29297  29.65703  31.32263
 00:00:19     0/1000     val         2/19          0.0%      1.00E-03   21.59352 107.09009  21.70061
 00:00:20     0/1000    train       20/140         0.0%      1.00E-03   14.20463  30.98857  14.23561
 00:00:25     0/1000     val         4/19          0.0%      1.00E-03   11.80796 194.81485  12.00277
 00:00:25     0/1000    train       30/140         0.0%      1.00E-03   10.89521  30.52163  10.92573
 00:00:28     0/1000    train       40/140         0.0%      1.00E-03   10.41541  30.61308  10.44602
 00:00:31     0/1000     val         6/19          0.0%      1.00E-03    8.80741  65.06850   8.87247
 00:00:32     0/1000    train       50/140         0.0%      1.00E-03    8.68611  29.93813   8.71605
 00:00:36     0/1000     val         8/19          0.0%      1.00E-03    8.68093  29.46856   8.71040
 00:00:37     0/1000    train       60/140         0.0%      1.00E-03    8.80662  30.23164   8.83685
 00:00:40     0/1000    train       70/140         0.1%      1.00E-03    8.87477  30.64103   8.90541
 00:00:42     0/1000     val        10/19          0.1%      1.00E-03    8.27227  27.69054   8.29996
 00:00:43     0/1000    train       80/140         0.1%      1.00E-03    9.25312  31.63998   9.28476
 00:00:48     0/1000     val        12/19          0.1%      1.00E-03    9.15393  37.22409   9.19115
 00:00:48     0/1000    train       90/140         0.1%      1.00E-03    8.49489  32.42773   8.52732
 00:00:52     0/1000    train      100/140         0.1%      1.00E-03    8.06810  32.26300   8.10036
 00:00:54     0/1000     val        14/19          0.1%      1.00E-03    7.86578  36.92720   7.90271
 00:00:55     0/1000    train      110/140         0.1%      1.00E-03    7.42541  33.61345   7.45902
 00:01:00     0/1000     val        16/19          0.1%      1.00E-03    7.65602  30.43832   7.68645
 00:01:00     0/1000    train      120/140         0.1%      1.00E-03    8.13487  33.00642   8.16788
 00:01:03     0/1000    train      130/140         0.1%      1.00E-03    8.08561  33.93782   8.11954
 00:01:05     0/1000     val        18/19          0.1%      1.00E-03    7.01421  37.40845   7.05162
training run exp-model_v3-fcupconv-emd-vae-1e-3
     Time    Epoch     Dataset    Iteration    Progress(%)       LR    ReconLoss    KLDivLoss   TotalLoss
 00:01:08     1/1000    train        0/140         0.1%      1.00E-03    6.93557  36.34491   6.97191
 00:01:12     1/1000     val         1/19          0.1%      1.00E-03    7.21578  34.05643   7.24984
 00:01:13     1/1000    train       10/140         0.1%      1.00E-03    7.15315  37.08992   7.19024
 00:01:16     1/1000    train       20/140         0.1%      1.00E-03    6.80725  38.01551   6.84527
 00:01:17     1/1000     val         3/19          0.1%      1.00E-03    7.02196  41.84097   7.06380
 00:01:20     1/1000    train       30/140         0.1%      1.00E-03    6.29680  38.53526   6.33533
 00:01:23     1/1000     val         5/19          0.1%      1.00E-03    7.20591  41.90967   7.24782
 00:01:23     1/1000    train       40/140         0.1%      1.00E-03    6.71097  41.17174   6.75215
 00:01:27     1/1000    train       50/140         0.1%      1.00E-03    7.60533  39.61720   7.64494
 00:01:28     1/1000     val         7/19          0.1%      1.00E-03    6.83580  39.63502   6.87543
 00:01:32     1/1000    train       60/140         0.1%      1.00E-03    6.81541  42.17895   6.85759
 00:01:35     1/1000     val         9/19          0.2%      1.00E-03    6.44143  36.45128   6.47788
 00:01:35     1/1000    train       70/140         0.2%      1.00E-03    6.47465  42.33307   6.51698
 00:01:40     1/1000    train       80/140         0.2%      1.00E-03    6.54084  41.58493   6.58242
 00:01:42     1/1000     val        11/19          0.2%      1.00E-03    6.42168  44.59849   6.46628
 00:01:45     1/1000    train       90/140         0.2%      1.00E-03    6.15992  43.60089   6.20352
 00:01:48     1/1000     val        13/19          0.2%      1.00E-03    6.45325  42.32737   6.49557
 00:01:48     1/1000    train      100/140         0.2%      1.00E-03    6.32327  44.21473   6.36748
 00:01:53     1/1000    train      110/140         0.2%      1.00E-03    7.97239  42.90649   8.01530
 00:01:55     1/1000     val        15/19          0.2%      1.00E-03    7.00963  51.46732   7.06109
 00:02:01     1/1000    train      120/140         0.2%      1.00E-03    6.19936  45.74980   6.24511
 00:02:05     1/1000     val        17/19          0.2%      1.00E-03    5.31464  35.15976   5.34979
 00:02:07     1/1000    train      130/140         0.2%      1.00E-03    6.42512  47.02181   6.47214
training run exp-model_v3-fcupconv-emd-vae-1e-3
     Time    Epoch     Dataset    Iteration    Progress(%)       LR    ReconLoss    KLDivLoss   TotalLoss
 00:02:14     2/1000    train        0/140         0.2%      1.00E-03    6.43021  44.12497   6.47433
 00:02:18     2/1000     val         0/19          0.2%      1.00E-03    6.13115  49.81714   6.18096
 00:02:23     2/1000    train       10/140         0.2%      1.00E-03    6.83636  44.30142   6.88066
 00:02:26     2/1000     val         2/19          0.2%      1.00E-03    6.24918  56.85387   6.30603
 00:02:28     2/1000    train       20/140         0.2%      1.00E-03    6.09250  48.23658   6.14073
 00:02:35     2/1000     val         4/19          0.2%      1.00E-03    5.52626  56.82076   5.58308
 00:02:35     2/1000    train       30/140         0.2%      1.00E-03    6.23732  46.01711   6.28333
 00:02:41     2/1000    train       40/140         0.2%      1.00E-03    6.39064  47.70713   6.43835
 00:02:44     2/1000     val         6/19          0.2%      1.00E-03    5.54918  39.78407   5.58896
 00:02:47     2/1000    train       50/140         0.2%      1.00E-03    6.10488  47.95090   6.15283
 00:02:54     2/1000     val         8/19          0.2%      1.00E-03    6.00249  42.07751   6.04457
 00:02:54     2/1000    train       60/140         0.2%      1.00E-03    5.80400  46.60152   5.85060
 00:03:00     2/1000    train       70/140         0.3%      1.00E-03    7.35479  48.71891   7.40351
 00:03:03     2/1000     val        10/19          0.3%      1.00E-03    5.51547  47.42917   5.56290
 00:03:06     2/1000    train       80/140         0.3%      1.00E-03    6.39054  47.81416   6.43835
 00:03:12     2/1000     val        12/19          0.3%      1.00E-03    6.99901  55.01102   7.05402
 00:03:13     2/1000    train       90/140         0.3%      1.00E-03    6.53795  50.22642   6.58817
 00:03:18     2/1000    train      100/140         0.3%      1.00E-03    5.67467  51.62704   5.72630
 00:03:21     2/1000     val        14/19          0.3%      1.00E-03    6.01752  54.65945   6.07218
 00:03:23     2/1000    train      110/140         0.3%      1.00E-03    6.03517  51.15716   6.08633
 00:03:29     2/1000     val        16/19          0.3%      1.00E-03    6.67929  48.75608   6.72804
 00:03:30     2/1000    train      120/140         0.3%      1.00E-03    7.05406  50.68894   7.10475
 00:03:36     2/1000    train      130/140         0.3%      1.00E-03    6.12325  50.07018   6.17332
 00:03:38     2/1000     val        18/19          0.3%      1.00E-03    5.24434  56.98699   5.30133
training run exp-model_v3-fcupconv-emd-vae-1e-3
     Time    Epoch     Dataset    Iteration    Progress(%)       LR    ReconLoss    KLDivLoss   TotalLoss
 00:03:43     3/1000    train        0/140         0.3%      1.00E-03    6.65080  52.38186   6.70318
 00:03:51     3/1000     val         1/19          0.3%      1.00E-03    5.96225  53.66661   6.01591
 00:03:52     3/1000    train       10/140         0.3%      1.00E-03    6.04153  52.57965   6.09411
 00:03:58     3/1000    train       20/140         0.3%      1.00E-03    5.67414  53.41318   5.72756
 00:04:00     3/1000     val         3/19          0.3%      1.00E-03    5.82293  63.06626   5.88600
 00:04:05     3/1000    train       30/140         0.3%      1.00E-03    6.10998  51.86406   6.16184
 00:04:10     3/1000     val         5/19          0.3%      1.00E-03    5.95946  54.42357   6.01389
 00:04:11     3/1000    train       40/140         0.3%      1.00E-03    5.55805  51.99258   5.61005
 00:04:17     3/1000    train       50/140         0.3%      1.00E-03    6.32828  52.07936   6.38036
 00:04:19     3/1000     val         7/19          0.3%      1.00E-03    6.45573  59.12921   6.51486
 00:04:25     3/1000    train       60/140         0.3%      1.00E-03    5.47904  52.73048   5.53177
 00:04:29     3/1000     val         9/19          0.4%      1.00E-03    5.47524  45.97711   5.52121
 00:04:31     3/1000    train       70/140         0.4%      1.00E-03    6.46564  55.28110   6.52093
 00:04:37     3/1000    train       80/140         0.4%      1.00E-03    7.11578  52.21977   7.16800
 00:04:39     3/1000     val        11/19          0.4%      1.00E-03    5.76159  57.77508   5.81936
 00:04:43     3/1000    train       90/140         0.4%      1.00E-03    5.86767  54.11358   5.92179
 00:04:48     3/1000     val        13/19          0.4%      1.00E-03    6.04890  60.15302   6.10906
 00:04:48     3/1000    train      100/140         0.4%      1.00E-03    4.60751  55.36677   4.66288
 00:04:53     3/1000    train      110/140         0.4%      1.00E-03    5.93386  55.53386   5.98939
 00:04:56     3/1000     val        15/19          0.4%      1.00E-03    6.15890  61.67323   6.22057
 00:05:01     3/1000    train      120/140         0.4%      1.00E-03    5.14989  55.88724   5.20578
 00:05:05     3/1000     val        17/19          0.4%      1.00E-03    4.96869  44.61023   5.01330
 00:05:07     3/1000    train      130/140         0.4%      1.00E-03    7.01348  57.43448   7.07091
training run exp-model_v3-fcupconv-emd-vae-1e-3
     Time    Epoch     Dataset    Iteration    Progress(%)       LR    ReconLoss    KLDivLoss   TotalLoss
 00:05:14     4/1000    train        0/140         0.4%      1.00E-03    6.26559  56.33252   6.32192
 00:05:16     4/1000     val         0/19          0.4%      1.00E-03    5.77063  62.08137   5.83271
 00:05:21     4/1000    train       10/140         0.4%      1.00E-03    5.82122  58.24297   5.87947
 00:05:24     4/1000     val         2/19          0.4%      1.00E-03    5.97739  62.05955   6.03945
 00:05:25     4/1000    train       20/140         0.4%      1.00E-03    6.11280  57.09848   6.16990
 00:05:34     4/1000     val         4/19          0.4%      1.00E-03    5.53297  71.04568   5.60401
 00:05:34     4/1000    train       30/140         0.4%      1.00E-03    5.80518  56.71816   5.86190
 00:05:40     4/1000    train       40/140         0.4%      1.00E-03    5.84281  60.12270   5.90294
 00:05:44     4/1000     val         6/19          0.4%      1.00E-03    4.87785  55.51514   4.93337
 00:05:46     4/1000    train       50/140         0.4%      1.00E-03    6.20737  58.43046   6.26580
 00:05:53     4/1000     val         8/19          0.4%      1.00E-03    5.99273  52.57122   6.04530
 00:05:54     4/1000    train       60/140         0.4%      1.00E-03    6.60568  60.35890   6.66604
 00:06:00     4/1000    train       70/140         0.5%      1.00E-03    5.76630  59.04705   5.82534
 00:06:03     4/1000     val        10/19          0.5%      1.00E-03    5.02212  59.04271   5.08116
 00:06:06     4/1000    train       80/140         0.5%      1.00E-03    6.02074  60.04733   6.08079
 00:06:12     4/1000     val        12/19          0.5%      1.00E-03    6.12135  75.31721   6.19667
 00:06:13     4/1000    train       90/140         0.5%      1.00E-03    6.40688  63.19028   6.47007
 00:06:17     4/1000    train      100/140         0.5%      1.00E-03    6.07501  61.76910   6.13678
 00:06:21     4/1000     val        14/19          0.5%      1.00E-03    5.31984  66.45459   5.38629
 00:06:23     4/1000    train      110/140         0.5%      1.00E-03    5.88978  60.71699   5.95050
 00:06:30     4/1000     val        16/19          0.5%      1.00E-03    6.34858  63.18379   6.41177
 00:06:31     4/1000    train      120/140         0.5%      1.00E-03    5.55739  62.87210   5.62027
 00:06:37     4/1000    train      130/140         0.5%      1.00E-03    5.15601  60.03278   5.21604
 00:06:39     4/1000     val        18/19          0.5%      1.00E-03    5.23295  67.15250   5.30010
training run exp-model_v3-fcupconv-emd-vae-1e-3
     Time    Epoch     Dataset    Iteration    Progress(%)       LR    ReconLoss    KLDivLoss   TotalLoss
 00:06:44     5/1000    train        0/140         0.5%      1.00E-03    4.97238  61.45438   5.03384
 00:06:52     5/1000     val         1/19          0.5%      1.00E-03    5.56896  63.30145   5.63226
 00:06:53     5/1000    train       10/140         0.5%      1.00E-03    5.54263  61.41744   5.60405
 00:06:59     5/1000    train       20/140         0.5%      1.00E-03    5.73071  63.50507   5.79422
 00:07:02     5/1000     val         3/19          0.5%      1.00E-03    4.89780  71.20419   4.96901
 00:07:07     5/1000    train       30/140         0.5%      1.00E-03    6.32086  63.69410   6.38455
 00:07:11     5/1000     val         5/19          0.5%      1.00E-03    5.49378  57.99125   5.55177
 00:07:13     5/1000    train       40/140         0.5%      1.00E-03    5.96945  66.78134   6.03623
 00:07:19     5/1000    train       50/140         0.5%      1.00E-03    5.26114  63.10075   5.32424
 00:07:21     5/1000     val         7/19          0.5%      1.00E-03    5.29919  73.09864   5.37229
 00:07:26     5/1000    train       60/140         0.5%      1.00E-03    5.30975  65.23666   5.37499
 00:07:31     5/1000     val         9/19          0.6%      1.00E-03    5.02216  65.11144   5.08727
 00:07:32     5/1000    train       70/140         0.6%      1.00E-03    5.10488  65.03293   5.16991
 00:07:37     5/1000    train       80/140         0.6%      1.00E-03    6.35505  66.60359   6.42165
 00:07:39     5/1000     val        11/19          0.6%      1.00E-03    5.23526  64.46523   5.29972
 00:07:44     5/1000    train       90/140         0.6%      1.00E-03    5.26514  67.26714   5.33241
 00:07:47     5/1000     val        13/19          0.6%      1.00E-03    5.43919  76.54710   5.51573
 00:07:48     5/1000    train      100/140         0.6%      1.00E-03    4.94410  65.40327   5.00950
 00:07:54     5/1000    train      110/140         0.6%      1.00E-03    6.28628  65.16185   6.35144
 00:07:57     5/1000     val        15/19          0.6%      1.00E-03    5.19465  71.88210   5.26653
 00:08:02     5/1000    train      120/140         0.6%      1.00E-03    5.20564  67.17210   5.27281
 00:08:06     5/1000     val        17/19          0.6%      1.00E-03    4.68317  62.76899   4.74594
 00:08:08     5/1000    train      130/140         0.6%      1.00E-03    5.13395  63.79272   5.19774
training run exp-model_v3-fcupconv-emd-vae-1e-3
     Time    Epoch     Dataset    Iteration    Progress(%)       LR    ReconLoss    KLDivLoss   TotalLoss
 00:08:15     6/1000    train        0/140         0.6%      1.00E-03    4.74717  68.89700   4.81606
 00:08:18     6/1000     val         0/19          0.6%      1.00E-03    4.87806  74.44237   4.95250
 00:08:22     6/1000    train       10/140         0.6%      1.00E-03    5.42372  67.11018   5.49083
 00:08:26     6/1000     val         2/19          0.6%      1.00E-03    5.37479  67.54539   5.44233
 00:08:28     6/1000    train       20/140         0.6%      1.00E-03    4.94924  69.63188   5.01887
 00:08:36     6/1000     val         4/19          0.6%      1.00E-03    4.86794  73.62295   4.94157
 00:08:36     6/1000    train       30/140         0.6%      1.00E-03    4.82478  68.91785   4.89370
 00:08:42     6/1000    train       40/140         0.6%      1.00E-03    5.60044  68.17837   5.66862
 00:08:45     6/1000     val         6/19          0.6%      1.00E-03    4.53397  65.63766   4.59961
 00:08:48     6/1000    train       50/140         0.6%      1.00E-03    5.75550  70.71524   5.82622
 00:08:54     6/1000     val         8/19          0.6%      1.00E-03    5.66020  61.56503   5.72176
 00:08:55     6/1000    train       60/140         0.6%      1.00E-03    5.46099  68.08813   5.52908
 00:09:01     6/1000    train       70/140         0.7%      1.00E-03    4.69311  69.35336   4.76246
 00:09:04     6/1000     val        10/19          0.7%      1.00E-03    4.87269  66.49037   4.93918
 00:09:05     6/1000    train       80/140         0.7%      1.00E-03    6.43747  69.65302   6.50712
 00:09:13     6/1000     val        12/19          0.7%      1.00E-03    5.77554  90.76249   5.86630
 00:09:13     6/1000    train       90/140         0.7%      1.00E-03    5.40732  71.61859   5.47894
 00:09:18     6/1000    train      100/140         0.7%      1.00E-03    4.65947  71.49852   4.73097
 00:09:22     6/1000     val        14/19          0.7%      1.00E-03    4.89596  76.81118   4.97278
 00:09:24     6/1000    train      110/140         0.7%      1.00E-03    5.14397  72.51299   5.21648
 00:09:31     6/1000     val        16/19          0.7%      1.00E-03    5.29137  81.22945   5.37260
 00:09:32     6/1000    train      120/140         0.7%      1.00E-03    5.05718  68.54849   5.12572
 00:09:38     6/1000    train      130/140         0.7%      1.00E-03    5.03323  70.41566   5.10364
 00:09:40     6/1000     val        18/19          0.7%      1.00E-03    4.48363  69.35310   4.55298
training run exp-model_v3-fcupconv-emd-vae-1e-3
     Time    Epoch     Dataset    Iteration    Progress(%)       LR    ReconLoss    KLDivLoss   TotalLoss
 00:09:45     7/1000    train        0/140         0.7%      1.00E-03    5.10514  73.72922   5.17887
 00:09:52     7/1000     val         1/19          0.7%      1.00E-03    5.16333  73.01666   5.23634
 00:09:53     7/1000    train       10/140         0.7%      1.00E-03    5.41576  75.33930   5.49110
 00:09:58     7/1000    train       20/140         0.7%      1.00E-03    5.76733  73.50719   5.84083
 00:10:01     7/1000     val         3/19          0.7%      1.00E-03    4.67167  79.83249   4.75150
 00:10:06     7/1000    train       30/140         0.7%      1.00E-03    4.60187  73.39624   4.67527
 00:10:10     7/1000     val         5/19          0.7%      1.00E-03    4.95868  72.44182   5.03112
 00:10:11     7/1000    train       40/140         0.7%      1.00E-03    4.91510  76.30055   4.99140
 00:10:17     7/1000    train       50/140         0.7%      1.00E-03    5.40088  74.50191   5.47538
 00:10:19     7/1000     val         7/19          0.7%      1.00E-03    4.84889  82.58151   4.93147
 00:10:24     7/1000    train       60/140         0.7%      1.00E-03    5.29657  74.36015   5.37093
 00:10:28     7/1000     val         9/19          0.8%      1.00E-03    4.79806  73.96098   4.87202
 00:10:29     7/1000    train       70/140         0.8%      1.00E-03    5.60731  71.85892   5.67917
 00:10:35     7/1000    train       80/140         0.8%      1.00E-03    5.25683  76.41777   5.33325
 00:10:37     7/1000     val        11/19          0.8%      1.00E-03    5.03189  73.79431   5.10568
 00:10:42     7/1000    train       90/140         0.8%      1.00E-03    4.78812  72.52634   4.86065
 00:10:46     7/1000     val        13/19          0.8%      1.00E-03    4.95461  84.50060   5.03911
 00:10:48     7/1000    train      100/140         0.8%      1.00E-03    5.08494  74.70457   5.15964
 00:10:54     7/1000    train      110/140         0.8%      1.00E-03    4.51417  74.94328   4.58911
 00:10:56     7/1000     val        15/19          0.8%      1.00E-03    4.54192  81.33454   4.62325
 00:11:01     7/1000    train      120/140         0.8%      1.00E-03    4.56656  74.74224   4.64130
 00:11:05     7/1000     val        17/19          0.8%      1.00E-03    4.27366  66.23888   4.33990
 00:11:07     7/1000    train      130/140         0.8%      1.00E-03    5.06830  74.16828   5.14247
training run exp-model_v3-fcupconv-emd-vae-1e-3
     Time    Epoch     Dataset    Iteration    Progress(%)       LR    ReconLoss    KLDivLoss   TotalLoss
 00:11:15     8/1000    train        0/140         0.8%      1.00E-03    5.20810  75.41114   5.28351
 00:11:17     8/1000     val         0/19          0.8%      1.00E-03    5.09252  86.12220   5.17864
 00:11:22     8/1000    train       10/140         0.8%      1.00E-03    4.96890  76.75230   5.04565
 00:11:26     8/1000     val         2/19          0.8%      1.00E-03    4.88133  76.62190   4.95795
 00:11:29     8/1000    train       20/140         0.8%      1.00E-03    4.75079  76.46001   4.82725
 00:11:36     8/1000     val         4/19          0.8%      1.00E-03    4.78764  83.02811   4.87067
 00:11:36     8/1000    train       30/140         0.8%      1.00E-03    4.88412  78.99927   4.96312
 00:11:42     8/1000    train       40/140         0.8%      1.00E-03    5.01839  76.52643   5.09492
 00:11:45     8/1000     val         6/19          0.8%      1.00E-03    4.58186  82.68456   4.66454
 00:11:48     8/1000    train       50/140         0.8%      1.00E-03    5.06858  76.95009   5.14553
 00:11:55     8/1000     val         8/19          0.8%      1.00E-03    4.75466  77.02481   4.83169
 00:11:55     8/1000    train       60/140         0.8%      1.00E-03    4.91128  79.18851   4.99047
 00:12:00     8/1000    train       70/140         0.9%      1.00E-03    4.49815  76.80374   4.57495
 00:12:03     8/1000     val        10/19          0.9%      1.00E-03    4.91284  78.06482   4.99090
 00:12:05     8/1000    train       80/140         0.9%      1.00E-03    4.55753  78.29846   4.63583
 00:12:12     8/1000     val        12/19          0.9%      1.00E-03    5.34442  99.39822   5.44381
 00:12:13     8/1000    train       90/140         0.9%      1.00E-03    5.14194  79.76197   5.22170
 00:12:18     8/1000    train      100/140         0.9%      1.00E-03    4.83288  80.14671   4.91302
 00:12:22     8/1000     val        14/19          0.9%      1.00E-03    4.64071  79.32861   4.72003
 00:12:25     8/1000    train      110/140         0.9%      1.00E-03    5.07899  81.37199   5.16037
 00:12:31     8/1000     val        16/19          0.9%      1.00E-03    4.74871  81.34355   4.83006
 00:12:32     8/1000    train      120/140         0.9%      1.00E-03    5.38653  79.01805   5.46554
 00:12:38     8/1000    train      130/140         0.9%      1.00E-03    5.14255  76.89911   5.21945
 00:12:40     8/1000     val        18/19          0.9%      1.00E-03    4.27116  73.10268   4.34426
training run exp-model_v3-fcupconv-emd-vae-1e-3
     Time    Epoch     Dataset    Iteration    Progress(%)       LR    ReconLoss    KLDivLoss   TotalLoss
 00:12:45     9/1000    train        0/140         0.9%      1.00E-03    5.95328  79.68134   6.03297
 00:12:53     9/1000     val         1/19          0.9%      1.00E-03    4.65639  83.95908   4.74035
 00:12:55     9/1000    train       10/140         0.9%      1.00E-03    4.95278  79.56396   5.03235
 00:13:01     9/1000    train       20/140         0.9%      1.00E-03    4.39066  81.55235   4.47221
 00:13:03     9/1000     val         3/19          0.9%      1.00E-03    4.80987  83.07248   4.89295
 00:13:08     9/1000    train       30/140         0.9%      1.00E-03    4.96743  79.89908   5.04733
 00:13:12     9/1000     val         5/19          0.9%      1.00E-03    4.66105  75.04366   4.73610
 00:13:14     9/1000    train       40/140         0.9%      1.00E-03    4.53335  80.24041   4.61359
 00:13:20     9/1000    train       50/140         0.9%      1.00E-03    5.15735  81.68252   5.23903
 00:13:22     9/1000     val         7/19          0.9%      1.00E-03    5.13626  89.54595   5.22581
 00:13:26     9/1000    train       60/140         0.9%      1.00E-03    5.04005  82.62950   5.12268
 00:13:30     9/1000     val         9/19          1.0%      1.00E-03    4.37869  87.77174   4.46646
 00:13:31     9/1000    train       70/140         1.0%      1.00E-03    5.15647  81.15672   5.23762
 00:13:36     9/1000    train       80/140         1.0%      1.00E-03    5.26737  80.67665   5.34805
 00:13:38     9/1000     val        11/19          1.0%      1.00E-03    4.95382  80.77377   5.03460
 00:13:43     9/1000    train       90/140         1.0%      1.00E-03    5.33941  79.24089   5.41865
 00:13:47     9/1000     val        13/19          1.0%      1.00E-03    4.10801  85.73372   4.19374
 00:13:49     9/1000    train      100/140         1.0%      1.00E-03    5.15690  80.67033   5.23757
 00:13:55     9/1000    train      110/140         1.0%      1.00E-03    4.73022  82.00302   4.81223
 00:13:57     9/1000     val        15/19          1.0%      1.00E-03    4.37513  83.25008   4.45838
 00:14:03     9/1000    train      120/140         1.0%      1.00E-03    4.59450  83.45525   4.67796
 00:14:07     9/1000     val        17/19          1.0%      1.00E-03    4.96689  67.10509   5.03399
 00:14:09     9/1000    train      130/140         1.0%      1.00E-03    5.30679  83.59953   5.39039
training run exp-model_v3-fcupconv-emd-vae-1e-3
     Time    Epoch     Dataset    Iteration    Progress(%)       LR    ReconLoss    KLDivLoss   TotalLoss
 00:14:16    10/1000    train        0/140         1.0%      1.00E-03    4.33035  80.96545   4.41131
 00:14:19    10/1000     val         0/19          1.0%      1.00E-03    4.70427  87.68986   4.79196
Visualizing ...
Generating html visualization ...
DONE
 00:14:35    10/1000    train       10/140         1.0%      1.00E-03    5.62243  81.73605   5.70417
 00:14:38    10/1000     val         2/19          1.0%      1.00E-03    4.69173  90.55275   4.78228
 00:14:41    10/1000    train       20/140         1.0%      1.00E-03    5.14096  83.33551   5.22429
 00:14:47    10/1000     val         4/19          1.0%      1.00E-03    5.30356  81.43732   5.38500
 00:14:47    10/1000    train       30/140         1.0%      1.00E-03    5.23330  84.91197   5.31821
 00:14:53    10/1000    train       40/140         1.0%      1.00E-03    4.80764  82.85323   4.89049
 00:14:56    10/1000     val         6/19          1.0%      1.00E-03    4.71932  79.25956   4.79858
 00:14:58    10/1000    train       50/140         1.0%      1.00E-03    4.54472  83.01232   4.62774
 00:15:05    10/1000     val         8/19          1.0%      1.00E-03    4.93441  85.45399   5.01986
 00:15:06    10/1000    train       60/140         1.0%      1.00E-03    4.51353  80.56009   4.59409
 00:15:11    10/1000    train       70/140         1.1%      1.00E-03    4.62026  82.33591   4.70259
 00:15:14    10/1000     val        10/19          1.1%      1.00E-03    5.25486  85.59608   5.34046
 00:15:17    10/1000    train       80/140         1.1%      1.00E-03    4.83440  84.30357   4.91870
 00:15:23    10/1000     val        12/19          1.1%      1.00E-03    5.60639  93.29808   5.69969
 00:15:24    10/1000    train       90/140         1.1%      1.00E-03    4.81443  82.98784   4.89742
 00:15:30    10/1000    train      100/140         1.1%      1.00E-03    5.16973  84.40576   5.25413
 00:15:33    10/1000     val        14/19          1.1%      1.00E-03    4.21410  84.58228   4.29869
 00:15:36    10/1000    train      110/140         1.1%      1.00E-03    4.48027  82.24020   4.56251
 00:15:42    10/1000     val        16/19          1.1%      1.00E-03    4.78596  98.70476   4.88467
 00:15:43    10/1000    train      120/140         1.1%      1.00E-03    4.44784  83.85677   4.53170
 00:15:49    10/1000    train      130/140         1.1%      1.00E-03    4.43238  82.08607   4.51447
 00:15:51    10/1000     val        18/19          1.1%      1.00E-03    4.64392  71.97539   4.71589
training run exp-model_v3-fcupconv-emd-vae-1e-3
     Time    Epoch     Dataset    Iteration    Progress(%)       LR    ReconLoss    KLDivLoss   TotalLoss
 00:15:56    11/1000    train        0/140         1.1%      1.00E-03    4.49054  82.60613   4.57314
 00:16:04    11/1000     val         1/19          1.1%      1.00E-03    4.63579  85.70255   4.72150
 00:16:05    11/1000    train       10/140         1.1%      1.00E-03    4.62575  82.13503   4.70788
 00:16:11    11/1000    train       20/140         1.1%      1.00E-03    4.36175  84.38166   4.44613
 00:16:13    11/1000     val         3/19          1.1%      1.00E-03    4.40358  81.73415   4.48532
 00:16:17    11/1000    train       30/140         1.1%      1.00E-03    5.16592  83.71432   5.24964
 00:16:19    11/1000     val         5/19          1.1%      1.00E-03    4.45741  84.71479   4.54212
 00:16:20    11/1000    train       40/140         1.1%      1.00E-03    5.27051  84.13205   5.35464
 00:16:23    11/1000    train       50/140         1.1%      1.00E-03    4.20033  81.73116   4.28207
 00:16:25    11/1000     val         7/19          1.1%      1.00E-03    5.42220  84.50325   5.50670
 00:16:30    11/1000    train       60/140         1.1%      1.00E-03    4.17073  85.62369   4.25635
 00:16:35    11/1000     val         9/19          1.2%      1.00E-03    4.77241  86.83731   4.85925
 00:16:36    11/1000    train       70/140         1.2%      1.00E-03    4.84609  84.34180   4.93044
 00:16:42    11/1000    train       80/140         1.2%      1.00E-03    4.10318  84.26762   4.18744
 00:16:44    11/1000     val        11/19          1.2%      1.00E-03    4.26049 100.24211   4.36073
 00:16:49    11/1000    train       90/140         1.2%      1.00E-03    4.28541  85.06470   4.37048
 00:16:53    11/1000     val        13/19          1.2%      1.00E-03    4.30774 102.96719   4.41071
 00:16:55    11/1000    train      100/140         1.2%      1.00E-03    5.35471  85.42043   5.44013
 00:17:01    11/1000    train      110/140         1.2%      1.00E-03    4.98384  83.95918   5.06779
 00:17:03    11/1000     val        15/19          1.2%      1.00E-03    4.76506  94.40964   4.85947
 00:17:09    11/1000    train      120/140         1.2%      1.00E-03    5.17049  83.40066   5.25389
 00:17:13    11/1000     val        17/19          1.2%      1.00E-03    4.19315  70.41399   4.26356
 00:17:15    11/1000    train      130/140         1.2%      1.00E-03    5.32439  84.92296   5.40932
training run exp-model_v3-fcupconv-emd-vae-1e-3
     Time    Epoch     Dataset    Iteration    Progress(%)       LR    ReconLoss    KLDivLoss   TotalLoss
 00:17:22    12/1000    train        0/140         1.2%      1.00E-03    4.87678  84.42303   4.96120
 00:17:24    12/1000     val         0/19          1.2%      1.00E-03    4.22433  89.63641   4.31397
 00:17:29    12/1000    train       10/140         1.2%      1.00E-03    4.45918  83.26077   4.54244
 00:17:32    12/1000     val         2/19          1.2%      1.00E-03    5.14917  93.55264   5.24273
 00:17:33    12/1000    train       20/140         1.2%      1.00E-03    4.64520  84.41599   4.72962
 00:17:41    12/1000     val         4/19          1.2%      1.00E-03    4.55271  93.09352   4.64580
 00:17:41    12/1000    train       30/140         1.2%      1.00E-03    4.95106  84.62614   5.03569
 00:17:47    12/1000    train       40/140         1.2%      1.00E-03    4.57640  84.97214   4.66137
 00:17:50    12/1000     val         6/19          1.2%      1.00E-03    4.81757  75.66933   4.89324
 00:17:51    12/1000    train       50/140         1.2%      1.00E-03    5.46253  85.09097   5.54762
 00:17:58    12/1000     val         8/19          1.2%      1.00E-03    4.81681  85.22269   4.90203
 00:17:59    12/1000    train       60/140         1.2%      1.00E-03    4.78155  83.35081   4.86491
 00:18:04    12/1000    train       70/140         1.3%      1.00E-03    4.91619  87.02740   5.00321
 00:18:07    12/1000     val        10/19          1.3%      1.00E-03    4.24199  86.71210   4.32870
 00:18:08    12/1000    train       80/140         1.3%      1.00E-03    4.56697  83.69513   4.65067
 00:18:15    12/1000     val        12/19          1.3%      1.00E-03    5.03267  92.62909   5.12530
 00:18:15    12/1000    train       90/140         1.3%      1.00E-03    4.38041  84.27643   4.46469
 00:18:20    12/1000    train      100/140         1.3%      1.00E-03    4.41847  84.71127   4.50318
 00:18:24    12/1000     val        14/19          1.3%      1.00E-03    4.98598  79.38808   5.06537
 00:18:27    12/1000    train      110/140         1.3%      1.00E-03    4.09429  83.69530   4.17799
 00:18:34    12/1000     val        16/19          1.3%      1.00E-03    4.64347  86.61606   4.73008
 00:18:35    12/1000    train      120/140         1.3%      1.00E-03    4.01093  85.10384   4.09603
 00:18:41    12/1000    train      130/140         1.3%      1.00E-03    4.65183  82.53272   4.73437
 00:18:43    12/1000     val        18/19          1.3%      1.00E-03    4.26492  85.18113   4.35010
training run exp-model_v3-fcupconv-emd-vae-1e-3
     Time    Epoch     Dataset    Iteration    Progress(%)       LR    ReconLoss    KLDivLoss   TotalLoss
 00:18:48    13/1000    train        0/140         1.3%      1.00E-03    4.45927  84.34460   4.54361
 00:18:56    13/1000     val         1/19          1.3%      1.00E-03    4.73469  93.54281   4.82823
 00:18:57    13/1000    train       10/140         1.3%      1.00E-03    4.18230  85.29752   4.26760
 00:19:03    13/1000    train       20/140         1.3%      1.00E-03    4.39994  86.77785   4.48671
 00:19:06    13/1000     val         3/19          1.3%      1.00E-03    4.84969  94.64743   4.94433
 00:19:10    13/1000    train       30/140         1.3%      1.00E-03    4.80876  86.22382   4.89499
 00:19:15    13/1000     val         5/19          1.3%      1.00E-03    4.32902  77.76653   4.40679
 00:19:16    13/1000    train       40/140         1.3%      1.00E-03    4.65888  82.93935   4.74182
 00:19:21    13/1000    train       50/140         1.3%      1.00E-03    4.32720  84.26213   4.41147
 00:19:23    13/1000     val         7/19          1.3%      1.00E-03    4.44253  89.71484   4.53225
 00:19:27    13/1000    train       60/140         1.3%      1.00E-03    4.81774  83.03847   4.90077
 00:19:31    13/1000     val         9/19          1.4%      1.00E-03    3.85101  83.18184   3.93419
 00:19:32    13/1000    train       70/140         1.4%      1.00E-03    4.16900  82.32384   4.25132
 00:19:39    13/1000    train       80/140         1.4%      1.00E-03    3.93439  83.58904   4.01798
 00:19:41    13/1000     val        11/19          1.4%      1.00E-03    4.19036  83.31235   4.27368
 00:19:47    13/1000    train       90/140         1.4%      1.00E-03    4.99196  83.47862   5.07544
 00:19:51    13/1000     val        13/19          1.4%      1.00E-03    4.25602  90.97166   4.34699
 00:19:53    13/1000    train      100/140         1.4%      1.00E-03    4.00665  81.87233   4.08853
 00:19:59    13/1000    train      110/140         1.4%      1.00E-03    4.84318  83.18667   4.92636
 00:20:00    13/1000     val        15/19          1.4%      1.00E-03    4.26134  96.92451   4.35827
 00:20:06    13/1000    train      120/140         1.4%      1.00E-03    5.03878  83.43024   5.12221
 00:20:10    13/1000     val        17/19          1.4%      1.00E-03    3.69085  76.26323   3.76711
 00:20:12    13/1000    train      130/140         1.4%      1.00E-03    4.13648  82.08310   4.21856
training run exp-model_v3-fcupconv-emd-vae-1e-3
     Time    Epoch     Dataset    Iteration    Progress(%)       LR    ReconLoss    KLDivLoss   TotalLoss
 00:20:19    14/1000    train        0/140         1.4%      1.00E-03    4.27914  83.17597   4.36231
 00:20:21    14/1000     val         0/19          1.4%      1.00E-03    4.21881  87.93364   4.30675
 00:20:26    14/1000    train       10/140         1.4%      1.00E-03    4.52279  83.75443   4.60655
 00:20:28    14/1000     val         2/19          1.4%      1.00E-03    4.68441  88.08348   4.77249
 00:20:30    14/1000    train       20/140         1.4%      1.00E-03    5.03127  83.66359   5.11494
 00:20:37    14/1000     val         4/19          1.4%      1.00E-03    4.39581  78.52248   4.47433
 00:20:37    14/1000    train       30/140         1.4%      1.00E-03    4.19099  83.89236   4.27488
 00:20:42    14/1000    train       40/140         1.4%      1.00E-03    4.72310  84.06524   4.80717
 00:20:46    14/1000     val         6/19          1.4%      1.00E-03    4.00330  75.65792   4.07895
 00:20:48    14/1000    train       50/140         1.4%      1.00E-03    4.91571  84.64311   5.00035
 00:20:55    14/1000     val         8/19          1.4%      1.00E-03    4.49927  80.49289   4.57976
 00:20:56    14/1000    train       60/140         1.4%      1.00E-03    4.47321  82.57942   4.55579
 00:21:01    14/1000    train       70/140         1.5%      1.00E-03    4.37749  84.26633   4.46175
 00:21:05    14/1000     val        10/19          1.5%      1.00E-03    4.39789  83.63058   4.48152
 00:21:08    14/1000    train       80/140         1.5%      1.00E-03    4.60864  83.90976   4.69255
 00:21:15    14/1000     val        12/19          1.5%      1.00E-03    4.82763  99.70370   4.92734
 00:21:15    14/1000    train       90/140         1.5%      1.00E-03    4.91967  82.67250   5.00235
 00:21:21    14/1000    train      100/140         1.5%      1.00E-03    4.18287  83.30792   4.26618
 00:21:24    14/1000     val        14/19          1.5%      1.00E-03    3.89953  91.64802   3.99118
 00:21:27    14/1000    train      110/140         1.5%      1.00E-03    4.62283  83.53912   4.70637
 00:21:33    14/1000     val        16/19          1.5%      1.00E-03    4.07026 103.68286   4.17395
 00:21:34    14/1000    train      120/140         1.5%      1.00E-03    4.73969  82.01470   4.82170
 00:21:40    14/1000    train      130/140         1.5%      1.00E-03    4.25812  84.70216   4.34282
 00:21:42    14/1000     val        18/19          1.5%      1.00E-03    4.79907  76.46686   4.87553
training run exp-model_v3-fcupconv-emd-vae-1e-3
     Time    Epoch     Dataset    Iteration    Progress(%)       LR    ReconLoss    KLDivLoss   TotalLoss
 00:21:48    15/1000    train        0/140         1.5%      1.00E-03    4.22354  84.17189   4.30771
 00:21:55    15/1000     val         1/19          1.5%      1.00E-03    4.40961  81.56252   4.49118
 00:21:55    15/1000    train       10/140         1.5%      1.00E-03    5.30948  81.66259   5.39114
 00:22:01    15/1000    train       20/140         1.5%      1.00E-03    4.69071  84.74648   4.77546
 00:22:04    15/1000     val         3/19          1.5%      1.00E-03    4.56974  80.91759   4.65065
 00:22:08    15/1000    train       30/140         1.5%      1.00E-03    4.54217  83.19123   4.62536
 00:22:12    15/1000     val         5/19          1.5%      1.00E-03    4.30596  80.39691   4.38636
 00:22:14    15/1000    train       40/140         1.5%      1.00E-03    4.41897  84.67665   4.50364
 00:22:19    15/1000    train       50/140         1.5%      1.00E-03    4.31212  84.72945   4.39685
 00:22:21    15/1000     val         7/19          1.5%      1.00E-03    4.08889  89.88975   4.17878
 00:22:26    15/1000    train       60/140         1.5%      1.00E-03    4.62242  84.31834   4.70673
 00:22:30    15/1000     val         9/19          1.6%      1.00E-03    4.34306  81.11659   4.42418
 00:22:32    15/1000    train       70/140         1.6%      1.00E-03    4.54929  80.73201   4.63002
 00:22:37    15/1000    train       80/140         1.6%      1.00E-03    4.63383  82.97377   4.71681
 00:22:39    15/1000     val        11/19          1.6%      1.00E-03    4.32093  77.86869   4.39880
 00:22:44    15/1000    train       90/140         1.6%      1.00E-03    4.30432  84.86944   4.38919
 00:22:48    15/1000     val        13/19          1.6%      1.00E-03    4.04597  92.32256   4.13829
 00:22:50    15/1000    train      100/140         1.6%      1.00E-03    4.76758  82.48500   4.85007
 00:22:56    15/1000    train      110/140         1.6%      1.00E-03    5.08586  83.02617   5.16888
 00:22:57    15/1000     val        15/19          1.6%      1.00E-03    4.64639  94.36568   4.74075
 00:23:03    15/1000    train      120/140         1.6%      1.00E-03    4.39544  83.21578   4.47866
 00:23:07    15/1000     val        17/19          1.6%      1.00E-03    4.60421  80.59455   4.68480
 00:23:09    15/1000    train      130/140         1.6%      1.00E-03    4.62908  83.95244   4.71304
training run exp-model_v3-fcupconv-emd-vae-1e-3
     Time    Epoch     Dataset    Iteration    Progress(%)       LR    ReconLoss    KLDivLoss   TotalLoss
 00:23:15    16/1000    train        0/140         1.6%      1.00E-03    3.95457  82.58925   4.03716
 00:23:18    16/1000     val         0/19          1.6%      1.00E-03    4.52534  86.93343   4.61228
 00:23:23    16/1000    train       10/140         1.6%      1.00E-03    4.85777  83.44766   4.94121
 00:23:27    16/1000     val         2/19          1.6%      1.00E-03    4.66813  88.63267   4.75676
 00:23:29    16/1000    train       20/140         1.6%      1.00E-03    4.64515  84.20023   4.72935
 00:23:36    16/1000     val         4/19          1.6%      1.00E-03    3.90106  84.73244   3.98579
 00:23:36    16/1000    train       30/140         1.6%      1.00E-03    4.87143  83.13535   4.95456
 00:23:41    16/1000    train       40/140         1.6%      1.00E-03    4.71111  83.70187   4.79482
 00:23:44    16/1000     val         6/19          1.6%      1.00E-03    5.77222  79.42741   5.85165
 00:23:46    16/1000    train       50/140         1.6%      1.00E-03    4.59730  83.17857   4.68048
 00:23:52    16/1000     val         8/19          1.6%      1.00E-03    4.59592  78.38187   4.67430
 00:23:53    16/1000    train       60/140         1.6%      1.00E-03    5.30023  83.91315   5.38414
 00:23:58    16/1000    train       70/140         1.7%      1.00E-03    3.91101  81.86087   3.99287
 00:24:01    16/1000     val        10/19          1.7%      1.00E-03    4.07353  80.57690   4.15410
 00:24:03    16/1000    train       80/140         1.7%      1.00E-03    3.90498  82.26287   3.98724
 00:24:11    16/1000     val        12/19          1.7%      1.00E-03    4.79319  99.21753   4.89241
 00:24:11    16/1000    train       90/140         1.7%      1.00E-03    4.57626  82.89716   4.65915
 00:24:17    16/1000    train      100/140         1.7%      1.00E-03    4.33706  82.47473   4.41953
 00:24:20    16/1000     val        14/19          1.7%      1.00E-03    4.19026  80.38699   4.27065
 00:24:23    16/1000    train      110/140         1.7%      1.00E-03    4.66217  83.89473   4.74606
 00:24:30    16/1000     val        16/19          1.7%      1.00E-03    4.88301  91.40991   4.97442
 00:24:31    16/1000    train      120/140         1.7%      1.00E-03    5.51105  81.65508   5.59270
 00:24:37    16/1000    train      130/140         1.7%      1.00E-03    4.59718  86.54761   4.68373
 00:24:39    16/1000     val        18/19          1.7%      1.00E-03    4.84895  76.89587   4.92585
training run exp-model_v3-fcupconv-emd-vae-1e-3
     Time    Epoch     Dataset    Iteration    Progress(%)       LR    ReconLoss    KLDivLoss   TotalLoss
 00:24:44    17/1000    train        0/140         1.7%      1.00E-03    3.97714  83.89937   4.06104
 00:24:51    17/1000     val         1/19          1.7%      1.00E-03    4.42898  94.21840   4.52320
 00:24:52    17/1000    train       10/140         1.7%      1.00E-03    4.80842  81.73150   4.89015
 00:24:58    17/1000    train       20/140         1.7%      1.00E-03    3.83899  81.49284   3.92048
 00:25:01    17/1000     val         3/19          1.7%      1.00E-03    4.37488  90.00117   4.46488
 00:25:05    17/1000    train       30/140         1.7%      1.00E-03    4.49408  81.14258   4.57522
 00:25:09    17/1000     val         5/19          1.7%      1.00E-03    3.85932  85.57108   3.94489
 00:25:10    17/1000    train       40/140         1.7%      1.00E-03    3.89736  82.38124   3.97974
 00:25:17    17/1000    train       50/140         1.7%      1.00E-03    4.62409  83.05287   4.70714
 00:25:19    17/1000     val         7/19          1.7%      1.00E-03    4.67973  84.68127   4.76441
 00:25:24    17/1000    train       60/140         1.7%      1.00E-03    4.31331  82.12598   4.39544
 00:25:28    17/1000     val         9/19          1.8%      1.00E-03    4.19597  86.03618   4.28200
 00:25:30    17/1000    train       70/140         1.8%      1.00E-03    5.44903  82.40661   5.53144
 00:25:36    17/1000    train       80/140         1.8%      1.00E-03    4.77715  81.50017   4.85865
 00:25:37    17/1000     val        11/19          1.8%      1.00E-03    4.62874  79.64127   4.70838
 00:25:43    17/1000    train       90/140         1.8%      1.00E-03    3.80113  81.60922   3.88274
 00:25:47    17/1000     val        13/19          1.8%      1.00E-03    3.59299  91.06255   3.68406
 00:25:49    17/1000    train      100/140         1.8%      1.00E-03    4.58341  81.98899   4.66540
 00:25:54    17/1000    train      110/140         1.8%      1.00E-03    4.77292  81.34212   4.85426
 00:25:56    17/1000     val        15/19          1.8%      1.00E-03    4.07051  89.79355   4.16031
 00:26:01    17/1000    train      120/140         1.8%      1.00E-03    4.26861  83.42780   4.35204
 00:26:05    17/1000     val        17/19          1.8%      1.00E-03    3.75662  78.04916   3.83467
 00:26:07    17/1000    train      130/140         1.8%      1.00E-03    4.13843  82.03699   4.22046
training run exp-model_v3-fcupconv-emd-vae-1e-3
     Time    Epoch     Dataset    Iteration    Progress(%)       LR    ReconLoss    KLDivLoss   TotalLoss
 00:26:15    18/1000    train        0/140         1.8%      1.00E-03    4.07773  82.17989   4.15991
 00:26:18    18/1000     val         0/19          1.8%      1.00E-03    4.60194  88.42677   4.69036
 00:26:23    18/1000    train       10/140         1.8%      1.00E-03    4.70786  80.98161   4.78884
 00:26:26    18/1000     val         2/19          1.8%      1.00E-03    4.34957  95.68756   4.44526
 00:26:28    18/1000    train       20/140         1.8%      1.00E-03    4.42144  83.61108   4.50505
 00:26:35    18/1000     val         4/19          1.8%      1.00E-03    3.98244  79.75201   4.06219
 00:26:35    18/1000    train       30/140         1.8%      1.00E-03    4.69170  82.24443   4.77395
 00:26:40    18/1000    train       40/140         1.8%      1.00E-03    4.37040  84.69720   4.45509
 00:26:44    18/1000     val         6/19          1.8%      1.00E-03    3.71557  76.09699   3.79167
 00:26:46    18/1000    train       50/140         1.8%      1.00E-03    4.13457  82.68990   4.21726
 00:26:54    18/1000     val         8/19          1.8%      1.00E-03    4.68951  83.32123   4.77283
 00:26:55    18/1000    train       60/140         1.8%      1.00E-03    3.94011  80.66423   4.02078
 00:27:00    18/1000    train       70/140         1.9%      1.00E-03    4.35779  82.65344   4.44044
 00:27:03    18/1000     val        10/19          1.9%      1.00E-03    4.10212  87.73103   4.18985
 00:27:06    18/1000    train       80/140         1.9%      1.00E-03    4.18701  81.40097   4.26841
 00:27:13    18/1000     val        12/19          1.9%      1.00E-03    4.57189  96.62172   4.66851
 00:27:14    18/1000    train       90/140         1.9%      1.00E-03    3.67642  81.83590   3.75826
 00:27:20    18/1000    train      100/140         1.9%      1.00E-03    4.14129  80.34450   4.22163
 00:27:23    18/1000     val        14/19          1.9%      1.00E-03    4.86766  77.25759   4.94492
 00:27:26    18/1000    train      110/140         1.9%      1.00E-03    4.68641  78.32082   4.76473
 00:27:32    18/1000     val        16/19          1.9%      1.00E-03    4.79688  88.87481   4.88575
 00:27:33    18/1000    train      120/140         1.9%      1.00E-03    3.66882  82.88867   3.75171
 00:27:39    18/1000    train      130/140         1.9%      1.00E-03    4.20821  81.71589   4.28992
 00:27:40    18/1000     val        18/19          1.9%      1.00E-03    4.19321  80.92830   4.27414
training run exp-model_v3-fcupconv-emd-vae-1e-3
     Time    Epoch     Dataset    Iteration    Progress(%)       LR    ReconLoss    KLDivLoss   TotalLoss
 00:27:46    19/1000    train        0/140         1.9%      1.00E-03    3.97627  80.99926   4.05727
 00:27:52    19/1000     val         1/19          1.9%      1.00E-03    4.38158  78.69914   4.46028
 00:27:53    19/1000    train       10/140         1.9%      1.00E-03    4.18493  80.10733   4.26504
 00:27:58    19/1000    train       20/140         1.9%      1.00E-03    4.51632  80.78001   4.59710
 00:28:02    19/1000     val         3/19          1.9%      1.00E-03    4.45987  87.61285   4.54748
 00:28:07    19/1000    train       30/140         1.9%      1.00E-03    4.46191  83.81432   4.54573
 00:28:11    19/1000     val         5/19          1.9%      1.00E-03    4.00030  89.73345   4.09003
 00:28:13    19/1000    train       40/140         1.9%      1.00E-03    4.36603  80.77179   4.44680
 00:28:19    19/1000    train       50/140         1.9%      1.00E-03    4.38467  80.75502   4.46543
 00:28:21    19/1000     val         7/19          1.9%      1.00E-03    4.30802  96.17884   4.40420
 00:28:26    19/1000    train       60/140         1.9%      1.00E-03    5.28446  80.85844   5.36532
 00:28:31    19/1000     val         9/19          2.0%      1.00E-03    4.05184  87.28544   4.13913
 00:28:32    19/1000    train       70/140         2.0%      1.00E-03    4.05923  82.07976   4.14131
 00:28:38    19/1000    train       80/140         2.0%      1.00E-03    3.54734  81.40834   3.62875
 00:28:40    19/1000     val        11/19          2.0%      1.00E-03    3.91035  74.95795   3.98531
 00:28:45    19/1000    train       90/140         2.0%      1.00E-03    4.29993  80.63593   4.38056
 00:28:49    19/1000     val        13/19          2.0%      1.00E-03    3.76336  75.76736   3.83913
 00:28:51    19/1000    train      100/140         2.0%      1.00E-03    4.97426  81.81638   5.05608
 00:28:57    19/1000    train      110/140         2.0%      1.00E-03    5.39300  80.49510   5.47350
 00:28:59    19/1000     val        15/19          2.0%      1.00E-03    4.33303 100.86552   4.43390
 00:29:04    19/1000    train      120/140         2.0%      1.00E-03    5.16112  81.93743   5.24306
 00:29:08    19/1000     val        17/19          2.0%      1.00E-03    3.82762  81.34397   3.90896
 00:29:10    19/1000    train      130/140         2.0%      1.00E-03    4.36846  80.52098   4.44898
training run exp-model_v3-fcupconv-emd-vae-1e-3
     Time    Epoch     Dataset    Iteration    Progress(%)       LR    ReconLoss    KLDivLoss   TotalLoss
 00:29:17    20/1000    train        0/140         2.0%      1.00E-03    4.16650  80.37875   4.24687
 00:29:18    20/1000     val         0/19          2.0%      1.00E-03    4.46638  85.63921   4.55202
Visualizing ...
Generating html visualization ...
DONE
 00:29:34    20/1000    train       10/140         2.0%      1.00E-03    4.20882  82.83627   4.29165
 00:29:37    20/1000     val         2/19          2.0%      1.00E-03    4.89538  81.49545   4.97688
 00:29:39    20/1000    train       20/140         2.0%      1.00E-03    3.98322  81.85843   4.06508
 00:29:46    20/1000     val         4/19          2.0%      1.00E-03    4.55789  91.08902   4.64898
 00:29:46    20/1000    train       30/140         2.0%      1.00E-03    3.98695  79.53538   4.06648
 00:29:52    20/1000    train       40/140         2.0%      1.00E-03    4.55753  80.25319   4.63778
 00:29:55    20/1000     val         6/19          2.0%      1.00E-03    3.81040  76.23338   3.88664
 00:29:57    20/1000    train       50/140         2.0%      1.00E-03    4.87640  81.37733   4.95777
 00:30:04    20/1000     val         8/19          2.0%      1.00E-03    3.91671  81.53637   3.99824
 00:30:05    20/1000    train       60/140         2.0%      1.00E-03    4.00511  80.99640   4.08611
 00:30:10    20/1000    train       70/140         2.1%      1.00E-03    5.17242  80.02496   5.25244
 00:30:13    20/1000     val        10/19          2.1%      1.00E-03    4.31262  80.69383   4.39331
 00:30:16    20/1000    train       80/140         2.1%      1.00E-03    4.02219  83.55252   4.10574
 00:30:22    20/1000     val        12/19          2.1%      1.00E-03    4.72480  96.22213   4.82102
 00:30:23    20/1000    train       90/140         2.1%      1.00E-03    4.00076  80.94057   4.08170
 00:30:28    20/1000    train      100/140         2.1%      1.00E-03    5.30567  80.35660   5.38602
 00:30:31    20/1000     val        14/19          2.1%      1.00E-03    4.49347  72.48320   4.56595
 00:30:34    20/1000    train      110/140         2.1%      1.00E-03    4.30143  80.51603   4.38194
 00:30:40    20/1000     val        16/19          2.1%      1.00E-03    4.68914  86.42189   4.77556
 00:30:41    20/1000    train      120/140         2.1%      1.00E-03    4.97685  81.41604   5.05826
 00:30:46    20/1000    train      130/140         2.1%      1.00E-03    4.23029  80.53050   4.31082
 00:30:48    20/1000     val        18/19          2.1%      1.00E-03    4.04984  78.28719   4.12813
training run exp-model_v3-fcupconv-emd-vae-1e-3
     Time    Epoch     Dataset    Iteration    Progress(%)       LR    ReconLoss    KLDivLoss   TotalLoss
 00:30:52    21/1000    train        0/140         2.1%      1.00E-03    4.10721  78.71617   4.18593
 00:30:56    21/1000     val         1/19          2.1%      1.00E-03    4.34386  74.14684   4.41801
 00:30:57    21/1000    train       10/140         2.1%      1.00E-03    4.56793  78.84124   4.64677
 00:31:03    21/1000    train       20/140         2.1%      1.00E-03    4.14904  79.10973   4.22815
 00:31:06    21/1000     val         3/19          2.1%      1.00E-03    4.33779  82.61086   4.42040
 00:31:11    21/1000    train       30/140         2.1%      1.00E-03    4.15463  80.61650   4.23525
 00:31:15    21/1000     val         5/19          2.1%      1.00E-03    4.34586  81.84827   4.42771
 00:31:17    21/1000    train       40/140         2.1%      1.00E-03    4.42545  82.27908   4.50773
 00:31:22    21/1000    train       50/140         2.1%      1.00E-03    3.99134  79.78455   4.07112
 00:31:25    21/1000     val         7/19          2.1%      1.00E-03    4.66670  86.03934   4.75274
 00:31:30    21/1000    train       60/140         2.1%      1.00E-03    4.06783  79.96099   4.14779
 00:31:34    21/1000     val         9/19          2.2%      1.00E-03    4.02999  79.25549   4.10925
 00:31:36    21/1000    train       70/140         2.2%      1.00E-03    4.04154  80.89908   4.12244
 00:31:42    21/1000    train       80/140         2.2%      1.00E-03    3.96639  81.42173   4.04782
 00:31:44    21/1000     val        11/19          2.2%      1.00E-03    4.18659  77.48695   4.26408
 00:31:50    21/1000    train       90/140         2.2%      1.00E-03    3.97784  79.23343   4.05707
 00:31:53    21/1000     val        13/19          2.2%      1.00E-03    4.23095  84.95796   4.31591
 00:31:55    21/1000    train      100/140         2.2%      1.00E-03    4.04299  79.84955   4.12284
 00:32:00    21/1000    train      110/140         2.2%      1.00E-03    4.23432  79.23501   4.31356
 00:32:02    21/1000     val        15/19          2.2%      1.00E-03    4.50596  91.53629   4.59749
 00:32:07    21/1000    train      120/140         2.2%      1.00E-03    4.47932  79.00951   4.55833
 00:32:12    21/1000     val        17/19          2.2%      1.00E-03    3.74455  78.17445   3.82272
 00:32:13    21/1000    train      130/140         2.2%      1.00E-03    3.96278  80.79256   4.04357
training run exp-model_v3-fcupconv-emd-vae-1e-3
     Time    Epoch     Dataset    Iteration    Progress(%)       LR    ReconLoss    KLDivLoss   TotalLoss
 00:32:20    22/1000    train        0/140         2.2%      1.00E-03    4.94919  80.52274   5.02971
 00:32:23    22/1000     val         0/19          2.2%      1.00E-03    4.49369  83.09894   4.57679
 00:32:28    22/1000    train       10/140         2.2%      1.00E-03    4.64552  79.77776   4.72530
 00:32:32    22/1000     val         2/19          2.2%      1.00E-03    4.68458  84.33208   4.76891
 00:32:34    22/1000    train       20/140         2.2%      1.00E-03    4.01205  81.88766   4.09394
 00:32:42    22/1000     val         4/19          2.2%      1.00E-03    4.38939  80.86139   4.47025
 00:32:42    22/1000    train       30/140         2.2%      1.00E-03    3.99397  81.32085   4.07529
 00:32:48    22/1000    train       40/140         2.2%      1.00E-03    4.02541  80.68130   4.10609
 00:32:52    22/1000     val         6/19          2.2%      1.00E-03    4.02298  78.30861   4.10128
 00:32:55    22/1000    train       50/140         2.2%      1.00E-03    4.75151  80.24657   4.83176
 00:33:01    22/1000     val         8/19          2.2%      1.00E-03    4.42286  79.97299   4.50284
 00:33:02    22/1000    train       60/140         2.2%      1.00E-03    3.76049  80.45059   3.84094
 00:33:08    22/1000    train       70/140         2.3%      1.00E-03    4.21803  77.96729   4.29600
 00:33:11    22/1000     val        10/19          2.3%      1.00E-03    4.11921  79.09834   4.19831
 00:33:14    22/1000    train       80/140         2.3%      1.00E-03    3.52910  80.20741   3.60930
 00:33:20    22/1000     val        12/19          2.3%      1.00E-03    4.77488  93.86216   4.86874
 00:33:21    22/1000    train       90/140         2.3%      1.00E-03    3.89287  79.50573   3.97237
 00:33:26    22/1000    train      100/140         2.3%      1.00E-03    3.57499  77.80764   3.65279
 00:33:29    22/1000     val        14/19          2.3%      1.00E-03    4.00734  73.35608   4.08070
 00:33:32    22/1000    train      110/140         2.3%      1.00E-03    4.33155  79.01585   4.41057
 00:33:38    22/1000     val        16/19          2.3%      1.00E-03    4.34133  85.55705   4.42689
 00:33:39    22/1000    train      120/140         2.3%      1.00E-03    4.44664  78.03143   4.52467
 00:33:45    22/1000    train      130/140         2.3%      1.00E-03    3.50749  78.49248   3.58598
 00:33:47    22/1000     val        18/19          2.3%      1.00E-03    4.25997  72.26019   4.33224
training run exp-model_v3-fcupconv-emd-vae-1e-3
     Time    Epoch     Dataset    Iteration    Progress(%)       LR    ReconLoss    KLDivLoss   TotalLoss
